\BOOKMARK [1][-]{section.1}{\376\377\000O\000v\000e\000r\000v\000i\000e\000w}{}% 1
\BOOKMARK [2][-]{subsection.1.1}{\376\377\000C\000o\000m\000p\000u\000t\000e\000r\000\040\000S\000e\000c\000u\000r\000i\000t\000y\000\040\000C\000o\000n\000c\000e\000p\000t\000s}{section.1}% 2
\BOOKMARK [3][-]{paragraph.1.1.0.1}{\376\377\000E\000s\000s\000e\000n\000t\000i\000a\000l\000\040\000n\000e\000t\000w\000o\000r\000k\000\040\000a\000n\000d\000\040\000S\000e\000c\000u\000r\000i\000t\000y\000\040\000R\000e\000q\000u\000i\000r\000e\000m\000e\000n\000t\000s}{subsection.1.1}% 3
\BOOKMARK [4][-]{paragraph.1.1.0.2}{\376\377\000L\000e\000v\000e\000l\000s\000\040\000o\000f\000\040\000I\000m\000p\000a\000c\000t}{paragraph.1.1.0.1}% 4
\BOOKMARK [4][-]{paragraph.1.1.0.3}{\376\377\000Q\000u\000e\000s\000t\000i\000o\000n\000\040\000\046\000\040\000E\000x\000a\000m\000p\000l\000e\000s}{paragraph.1.1.0.1}% 5
\BOOKMARK [2][-]{subsection.1.2}{\376\377\000C\000o\000m\000p\000u\000t\000e\000r\000\040\000S\000e\000c\000u\000r\000i\000t\000y\000\040\000C\000h\000a\000l\000l\000e\000n\000g\000e\000s}{section.1}% 6
\BOOKMARK [3][-]{paragraph.1.2.0.1}{\376\377\000A\000s\000s\000e\000t\000s\000\040\000o\000f\000\040\000a\000\040\000C\000o\000m\000p\000u\000t\000e\000r\000\040\000S\000y\000s\000t\000e\000m}{subsection.1.2}% 7
\BOOKMARK [4][-]{paragraph.1.2.0.2}{\376\377\000C\000o\000m\000p\000u\000t\000e\000r\000\040\000S\000e\000c\000u\000r\000i\000t\000y\000\040\000T\000e\000r\000m\000i\000n\000o\000l\000g\000y}{paragraph.1.2.0.1}% 8
\BOOKMARK [4][-]{paragraph.1.2.0.3}{\376\377\000V\000u\000l\000n\000e\000r\000a\000b\000i\000l\000i\000t\000i\000e\000s\000,\000\040\000T\000h\000r\000e\000a\000t\000s\000\040\000a\000n\000d\000\040\000A\000t\000t\000a\000c\000k\000s}{paragraph.1.2.0.1}% 9
\BOOKMARK [4][-]{paragraph.1.2.0.4}{\376\377\000C\000o\000u\000n\000t\000e\000r\000m\000e\000a\000s\000u\000r\000e}{paragraph.1.2.0.1}% 10
\BOOKMARK [4][-]{paragraph.1.2.0.5}{\376\377\000Q\000u\000e\000s\000t\000i\000o\000n\000\040\000\046\000\040\000E\000x\000a\000m\000p\000l\000e\000s}{paragraph.1.2.0.1}% 11
\BOOKMARK [2][-]{subsection.1.3}{\376\377\000T\000h\000r\000e\000a\000t\000s\000,\000\040\000A\000t\000t\000a\000c\000k\000\040\000a\000n\000d\000\040\000A\000s\000s\000e\000t\000s}{section.1}% 12
\BOOKMARK [3][-]{subsubsection.1.3.1}{\376\377\000T\000h\000r\000e\000a\000t\000\040\000C\000o\000n\000s\000e\000q\000u\000e\000n\000c\000e\000s}{subsection.1.3}% 13
\BOOKMARK [4][-]{paragraph.1.3.1.1}{\376\377\000U\000n\000a\000u\000t\000h\000o\000r\000i\000z\000e\000d\000\040\000d\000i\000s\000c\000l\000o\000s\000u\000r\000e}{subsubsection.1.3.1}% 14
\BOOKMARK [4][-]{paragraph.1.3.1.2}{\376\377\000D\000e\000c\000e\000p\000t\000i\000o\000n}{subsubsection.1.3.1}% 15
\BOOKMARK [4][-]{paragraph.1.3.1.3}{\376\377\000D\000i\000s\000r\000u\000p\000t\000i\000o\000n}{subsubsection.1.3.1}% 16
\BOOKMARK [4][-]{paragraph.1.3.1.4}{\376\377\000U\000s\000u\000r\000p\000a\000t\000i\000o\000n}{subsubsection.1.3.1}% 17
\BOOKMARK [3][-]{subsubsection.1.3.2}{\376\377\000C\000o\000m\000p\000u\000t\000e\000r\000\040\000a\000n\000d\000\040\000N\000e\000t\000w\000o\000r\000k\000\040\000A\000s\000s\000e\000t\000s\000\040\000a\000n\000d\000\040\000T\000h\000r\000e\000a\000t\000s}{subsection.1.3}% 18
\BOOKMARK [3][-]{subsubsection.1.3.3}{\376\377\000P\000a\000s\000s\000i\000v\000e\000\040\000a\000n\000d\000\040\000A\000c\000t\000i\000v\000e\000\040\000a\000t\000t\000a\000c\000k\000s}{subsection.1.3}% 19
\BOOKMARK [4][-]{paragraph.1.3.3.1}{\376\377\000P\000a\000s\000s\000i\000v\000e\000\040\000a\000t\000t\000a\000c\000k\000s}{subsubsection.1.3.3}% 20
\BOOKMARK [4][-]{paragraph.1.3.3.2}{\376\377\000A\000c\000t\000i\000v\000e\000\040\000A\000t\000t\000a\000c\000k\000s}{subsubsection.1.3.3}% 21
\BOOKMARK [3][-]{subsubsection.1.3.4}{\376\377\000Q\000u\000e\000s\000t\000i\000o\000n\000\040\000\046\000\040\000E\000x\000a\000m\000p\000l\000e\000s}{subsection.1.3}% 22
\BOOKMARK [2][-]{subsection.1.4}{\376\377\000F\000u\000n\000c\000t\000i\000o\000n\000a\000l\000\040\000r\000e\000q\000u\000i\000r\000e\000m\000e\000n\000t\000s}{section.1}% 23
\BOOKMARK [3][-]{subsubsection.1.4.1}{\376\377\000C\000l\000a\000s\000s\000i\000f\000i\000c\000a\000t\000i\000o\000n\000\040\000o\000f\000\040\000C\000o\000n\000t\000e\000r\000m\000e\000a\000s\000u\000r\000e\000s}{subsection.1.4}% 24
\BOOKMARK [4][-]{paragraph.1.4.1.1}{\376\377\000T\000e\000c\000h\000n\000i\000c\000a\000l\000\040\000M\000e\000a\000s\000u\000r\000e\000s}{subsubsection.1.4.1}% 25
\BOOKMARK [4][-]{paragraph.1.4.1.2}{\376\377\000M\000a\000n\000a\000g\000e\000m\000e\000n\000t\000\040\000m\000e\000a\000s\000u\000r\000e\000s}{subsubsection.1.4.1}% 26
\BOOKMARK [4][-]{paragraph.1.4.1.3}{\376\377\000O\000v\000e\000r\000l\000a\000p\000\040\000f\000u\000n\000c\000t\000i\000o\000n\000a\000l\000\040\000a\000r\000e\000a\000s}{subsubsection.1.4.1}% 27
\BOOKMARK [3][-]{subsubsection.1.4.2}{\376\377\000F\000u\000n\000d\000a\000m\000e\000n\000t\000a\000l\000\040\000S\000e\000c\000u\000r\000i\000t\000y\000\040\000D\000e\000s\000i\000g\000n\000\040\000P\000r\000i\000n\000c\000i\000p\000l\000e\000s}{subsection.1.4}% 28
\BOOKMARK [3][-]{subsubsection.1.4.3}{\376\377\000Q\000u\000e\000s\000t\000i\000o\000n\000\040\000\046\000\040\000E\000x\000a\000m\000p\000l\000e\000s}{subsection.1.4}% 29
\BOOKMARK [2][-]{subsection.1.5}{\376\377\000A\000t\000t\000a\000c\000k\000\040\000s\000u\000r\000f\000a\000c\000e\000s\000\040\000a\000n\000d\000\040\000s\000e\000c\000u\000r\000i\000t\000y\000\040\000s\000t\000r\000a\000t\000e\000g\000i\000e\000s}{section.1}% 30
\BOOKMARK [3][-]{subsubsection.1.5.1}{\376\377\000A\000t\000t\000a\000c\000k\000\040\000s\000u\000r\000f\000a\000c\000e\000s}{subsection.1.5}% 31
\BOOKMARK [4][-]{paragraph.1.5.1.1}{\376\377\000C\000a\000t\000e\000g\000o\000r\000i\000e\000s}{subsubsection.1.5.1}% 32
\BOOKMARK [4][-]{paragraph.1.5.1.2}{\376\377\000A\000n\000a\000l\000y\000s\000i\000s}{subsubsection.1.5.1}% 33
\BOOKMARK [4][-]{paragraph.1.5.1.3}{\376\377\000T\000r\000e\000e\000s}{subsubsection.1.5.1}% 34
\BOOKMARK [4][-]{paragraph.1.5.1.4}{\376\377\000Q\000u\000e\000s\000t\000i\000o\000n\000\040\000\046\000\040\000E\000x\000a\000m\000p\000l\000e\000s}{subsubsection.1.5.1}% 35
\BOOKMARK [3][-]{subsubsection.1.5.2}{\376\377\000S\000e\000c\000u\000r\000i\000t\000y\000\040\000s\000t\000r\000a\000t\000e\000g\000i\000e\000s}{subsection.1.5}% 36
\BOOKMARK [4][-]{paragraph.1.5.2.1}{\376\377\000S\000e\000c\000u\000r\000i\000t\000y\000\040\000P\000o\000l\000i\000c\000y}{subsubsection.1.5.2}% 37
\BOOKMARK [4][-]{paragraph.1.5.2.2}{\376\377\000S\000e\000c\000u\000r\000i\000t\000y\000\040\000i\000m\000p\000l\000e\000m\000e\000n\000t\000a\000t\000i\000o\000n}{subsubsection.1.5.2}% 38
\BOOKMARK [4][-]{paragraph.1.5.2.3}{\376\377\000A\000s\000s\000u\000r\000a\000n\000c\000e\000\040\000a\000n\000d\000\040\000E\000v\000a\000l\000u\000a\000t\000i\000o\000n}{subsubsection.1.5.2}% 39
\BOOKMARK [2][-]{subsection.1.6}{\376\377\000S\000t\000a\000n\000d\000a\000r\000d\000s}{section.1}% 40
\BOOKMARK [2][-]{subsection.1.7}{\376\377\000Q\000u\000e\000s\000t\000i\000o\000n\000s\000\040\000\046\000\040\000E\000x\000a\000m\000p\000l\000e\000s}{section.1}% 41
\BOOKMARK [1][-]{section.2}{\376\377\000C\000r\000y\000p\000t\000o\000g\000r\000p\000h\000i\000c\000\040\000t\000o\000o\000l\000s}{}% 42
\BOOKMARK [2][-]{subsection.2.1}{\376\377\000S\000y\000m\000m\000e\000t\000r\000i\000c\000\040\000E\000n\000c\000r\000y\000p\000t\000i\000o\000n}{section.2}% 43
\BOOKMARK [3][-]{subsubsection.2.1.1}{\376\377\000A\000t\000t\000a\000c\000k\000i\000n\000g\000\040\000s\000y\000m\000m\000e\000t\000r\000i\000c\000\040\000e\000n\000c\000r\000y\000p\000t\000i\000o\000n}{subsection.2.1}% 44
\BOOKMARK [4][-]{paragraph.2.1.1.1}{\376\377\000C\000r\000y\000p\000t\000o\000a\000n\000a\000l\000y\000t\000i\000c\000\040\000a\000t\000t\000a\000c\000k\000s}{subsubsection.2.1.1}% 45
\BOOKMARK [4][-]{paragraph.2.1.1.2}{\376\377\000B\000r\000u\000t\000e\000\040\000f\000o\000r\000c\000e\000\040\000a\000t\000t\000a\000c\000k\000s}{subsubsection.2.1.1}% 46
\BOOKMARK [3][-]{subsubsection.2.1.2}{\376\377\000A\000l\000g\000o\000r\000i\000t\000h\000m}{subsection.2.1}% 47
\BOOKMARK [4][-]{paragraph.2.1.2.1}{\376\377\000D\000E\000S\000:\000\040\000D\000a\000t\000a\000\040\000E\000n\000c\000r\000y\000p\000t\000i\000o\000n\000\040\000S\000t\000a\000n\000d\000a\000r\000d}{subsubsection.2.1.2}% 48
\BOOKMARK [4][-]{paragraph.2.1.2.2}{\376\377\000T\000r\000i\000p\000l\000e\000\040\000D\000E\000S\000:\000\040\0003\000D\000E\000S}{subsubsection.2.1.2}% 49
\BOOKMARK [4][-]{paragraph.2.1.2.3}{\376\377\000A\000E\000S\000:\000\040\000A\000d\000v\000a\000n\000c\000e\000d\000\040\000E\000n\000c\000r\000y\000p\000t\000i\000o\000n\000\040\000S\000t\000a\000n\000d\000a\000r\000d}{subsubsection.2.1.2}% 50
\BOOKMARK [4][-]{paragraph.2.1.2.4}{\376\377\000P\000r\000a\000t\000i\000c\000a\000l\000\040\000S\000e\000c\000u\000r\000i\000t\000y\000\040\000I\000s\000s\000u\000e\000s}{subsubsection.2.1.2}% 51
\BOOKMARK [3][-]{subsubsection.2.1.3}{\376\377\000T\000y\000p\000e\000s\000\040\000o\000f\000\040\000s\000y\000m\000m\000e\000t\000r\000i\000c\000\040\000e\000n\000c\000r\000y\000p\000t\000i\000o\000n}{subsection.2.1}% 52
\BOOKMARK [4][-]{paragraph.2.1.3.1}{\376\377\000B\000l\000o\000c\000k\000\040\000c\000y\000p\000h\000e\000r\000s}{subsubsection.2.1.3}% 53
\BOOKMARK [4][-]{paragraph.2.1.3.2}{\376\377\000S\000t\000r\000e\000a\000m\000\040\000c\000y\000p\000h\000e\000r\000s}{subsubsection.2.1.3}% 54
\BOOKMARK [3][-]{subsubsection.2.1.4}{\376\377\000Q\000u\000e\000s\000t\000i\000o\000n\000s\000\040\000\046\000\040\000E\000x\000a\000m\000p\000l\000e\000s}{subsection.2.1}% 55
\BOOKMARK [2][-]{subsection.2.2}{\376\377\000M\000e\000s\000s\000a\000g\000e\000\040\000a\000u\000t\000h\000e\000n\000t\000i\000c\000a\000t\000i\000o\000n\000\040\000a\000n\000d\000\040\000h\000a\000s\000h\000\040\000f\000u\000n\000c\000t\000i\000o\000n\000s}{section.2}% 56
\BOOKMARK [3][-]{subsubsection.2.2.1}{\376\377\000M\000e\000s\000s\000a\000g\000e\000\040\000a\000u\000t\000h\000e\000n\000t\000i\000c\000a\000t\000i\000o\000n}{subsection.2.2}% 57
\BOOKMARK [4][-]{paragraph.2.2.1.1}{\376\377\000M\000e\000s\000s\000a\000g\000e\000\040\000a\000u\000t\000h\000e\000n\000t\000i\000c\000a\000t\000i\000o\000n\000\040\000w\000i\000t\000h\000o\000u\000t\000\040\000c\000o\000n\000f\000i\000d\000e\000n\000t\000i\000a\000l\000i\000t\000y\000:}{subsubsection.2.2.1}% 58
\BOOKMARK [4][-]{paragraph.2.2.1.2}{\376\377\000M\000A\000C\000:\000\040\000M\000e\000s\000s\000a\000g\000e\000\040\000A\000u\000t\000h\000e\000n\000t\000i\000c\000a\000t\000i\000o\000n\000\040\000C\000o\000d\000e}{subsubsection.2.2.1}% 59
\BOOKMARK [3][-]{subsubsection.2.2.2}{\376\377\000O\000n\000e\000-\000w\000a\000y\000\040\000h\000a\000s\000h\000\040\000f\000u\000n\000c\000t\000i\000o\000n\000s}{subsection.2.2}% 60
\BOOKMARK [4][-]{paragraph.2.2.2.1}{\376\377\000P\000r\000o\000p\000r\000e\000t\000i\000e\000s}{subsubsection.2.2.2}% 61
\BOOKMARK [4][-]{paragraph.2.2.2.2}{\376\377\000M\000e\000s\000s\000a\000g\000e\000\040\000a\000u\000t\000h\000e\000n\000t\000i\000c\000a\000t\000i\000o\000n\000\040\000w\000i\000t\000h\000\040\000o\000n\000e\000-\000w\000a\000y\000\040\000h\000a\000s\000h\000\040\000f\000u\000n\000c\000t\000i\000o\000n\000s}{subsubsection.2.2.2}% 62
\BOOKMARK [3][-]{subsubsection.2.2.3}{\376\377\000A\000l\000t\000e\000r\000n\000a\000t\000i\000v\000e\000\040\000w\000a\000y\000\040\000o\000f\000\040\000a\000u\000t\000h\000e\000n\000t\000i\000c\000a\000t\000i\000n\000g\000\040\000a\000\040\000m\000e\000s\000s\000a\000g\000e}{subsection.2.2}% 63
\BOOKMARK [3][-]{subsubsection.2.2.4}{\376\377\000H\000a\000s\000h\000\040\000f\000u\000n\000c\000t\000i\000o\000n\000\040\000f\000o\000r\000\040\000m\000e\000s\000s\000a\000g\000e\000\040\000a\000u\000t\000h\000e\000n\000t\000i\000c\000a\000t\000i\000o\000n}{subsection.2.2}% 64
\BOOKMARK [4][-]{paragraph.2.2.4.1}{\376\377\000P\000r\000o\000p\000r\000i\000e\000t\000i\000e\000s}{subsubsection.2.2.4}% 65
\BOOKMARK [3][-]{subsubsection.2.2.5}{\376\377\000Q\000u\000e\000s\000t\000i\000o\000n\000\040\000\046\000\040\000E\000x\000a\000m\000p\000l\000e\000s}{subsection.2.2}% 66
\BOOKMARK [2][-]{subsection.2.3}{\376\377\000P\000u\000b\000l\000i\000c\000-\000k\000e\000y\000\040\000e\000n\000c\000r\000y\000p\000t\000i\000o\000n}{section.2}% 67
\BOOKMARK [3][-]{subsubsection.2.3.1}{\376\377\000P\000u\000b\000l\000i\000c\000-\000k\000e\000y\000\040\000e\000n\000c\000r\000y\000p\000t\000i\000o\000n\000\040\000s\000c\000h\000e\000m\000e}{subsection.2.3}% 68
\BOOKMARK [4][-]{figure.caption.62}{\376\377\000P\000u\000b\000l\000i\000c\000\040\000k\000e\000y}{subsubsection.2.3.1}% 69
\BOOKMARK [4][-]{figure.caption.63}{\376\377\000P\000r\000i\000v\000a\000t\000e\000\040\000k\000e\000y}{subsubsection.2.3.1}% 70
\BOOKMARK [3][-]{subsubsection.2.3.2}{\376\377\000P\000u\000b\000l\000i\000c\000-\000k\000e\000y\000\040\000C\000r\000y\000p\000t\000o\000s\000y\000s\000t\000e\000m\000s}{subsection.2.3}% 71
\BOOKMARK [4][-]{paragraph.2.3.2.1}{\376\377\000R\000e\000q\000u\000i\000r\000e\000m\000e\000n\000t\000s}{subsubsection.2.3.2}% 72
\BOOKMARK [4][-]{paragraph.2.3.2.2}{\376\377\000A\000l\000g\000o\000r\000i\000t\000h\000m\000s}{subsubsection.2.3.2}% 73
\BOOKMARK [3][-]{subsubsection.2.3.3}{\376\377\000D\000i\000g\000i\000t\000a\000l\000\040\000S\000i\000g\000n\000a\000t\000u\000r\000e\000s}{subsection.2.3}% 74
\BOOKMARK [4][-]{paragraph.2.3.3.1}{\376\377\000D\000i\000g\000i\000t\000a\000l\000\040\000e\000n\000v\000e\000l\000o\000p\000e\000s}{subsubsection.2.3.3}% 75
\BOOKMARK [2][-]{subsection.2.4}{\376\377\000R\000a\000n\000d\000o\000m\000\040\000n\000u\000m\000b\000e\000r\000s}{section.2}% 76
\BOOKMARK [3][-]{subsubsection.2.4.1}{\376\377\000U\000s\000e\000s\000\040\000o\000f\000\040\000r\000a\000n\000d\000o\000m\000\040\000n\000u\000m\000b\000e\000r\000s\000\040\000u\000s\000e\000s}{subsection.2.4}% 77
\BOOKMARK [3][-]{subsubsection.2.4.2}{\376\377\000R\000a\000n\000d\000o\000m\000\040\000n\000u\000m\000b\000e\000r\000\040\000r\000e\000q\000u\000i\000r\000e\000m\000e\000n\000t\000s}{subsection.2.4}% 78
\BOOKMARK [3][-]{subsubsection.2.4.3}{\376\377\000R\000a\000n\000d\000o\000m\000\040\000V\000s\000\040\000P\000s\000e\000u\000d\000o\000r\000a\000n\000d\000o\000m}{subsection.2.4}% 79
\BOOKMARK [2][-]{subsection.2.5}{\376\377\000Q\000u\000e\000s\000t\000i\000o\000n\000\040\000\046\000\040\000E\000x\000a\000m\000p\000l\000e\000s}{section.2}% 80
\BOOKMARK [2][-]{subsection.2.6}{\376\377\000E\000x\000e\000r\000c\000i\000s\000e}{section.2}% 81
\BOOKMARK [3][-]{subsubsection.2.6.1}{\376\377\000E\000x\000e\000r\000c\000i\000s\000e\000\040\0001}{subsection.2.6}% 82
\BOOKMARK [3][-]{subsubsection.2.6.2}{\376\377\000E\000x\000e\000r\000c\000i\000s\000e\000\040\0002}{subsection.2.6}% 83
\BOOKMARK [3][-]{subsubsection.2.6.3}{\376\377\000E\000x\000e\000r\000c\000i\000s\000e\000\040\0003}{subsection.2.6}% 84
\BOOKMARK [3][-]{subsubsection.2.6.4}{\376\377\000E\000x\000e\000r\000c\000i\000s\000e\000\040\0004}{subsection.2.6}% 85
\BOOKMARK [1][-]{section.3}{\376\377\000U\000s\000e\000r\000\040\000I\000d\000e\000n\000t\000i\000f\000i\000c\000a\000t\000i\000o\000n}{}% 86
\BOOKMARK [2][-]{subsection.3.1}{\376\377\000I\000n\000t\000r\000o\000d\000u\000c\000t\000i\000o\000n}{section.3}% 87
\BOOKMARK [3][-]{subsubsection.3.1.1}{\376\377\000T\000w\000o\000\040\000f\000u\000n\000c\000t\000i\000o\000n\000s\000\040\000f\000o\000r\000\040\000u\000s\000e\000r\000\040\000a\000u\000t\000h\000e\000n\000t\000i\000c\000a\000t\000i\000o\000n}{subsection.3.1}% 88
\BOOKMARK [4][-]{paragraph.3.1.1.1}{\376\377\000D\000i\000g\000i\000t\000a\000l\000\040\000A\000u\000t\000h\000e\000n\000t\000i\000c\000a\000t\000i\000o\000n\000\040\000G\000u\000i\000d\000e\000l\000i\000n\000e}{subsubsection.3.1.1}% 89
\BOOKMARK [4][-]{paragraph.3.1.1.2}{\376\377\000I\000d\000e\000n\000t\000i\000f\000i\000c\000a\000t\000i\000o\000n\000\040\000a\000n\000d\000\040\000a\000u\000t\000h\000e\000n\000t\000i\000c\000a\000t\000i\000o\000n\000\040\000s\000e\000c\000u\000r\000i\000t\000y\000\040\000r\000e\000q\000u\000i\000r\000e\000m\000e\000n\000t\000s}{subsubsection.3.1.1}% 90
\BOOKMARK [4][-]{paragraph.3.1.1.3}{\376\377\000F\000o\000u\000r\000\040\000m\000e\000a\000n\000s\000\040\000o\000f\000\040\000a\000u\000t\000h\000e\000n\000t\000i\000c\000a\000t\000i\000n\000g\000\040\000u\000s\000e\000r\000\040\000i\000d\000e\000n\000t\000i\000t\000y}{subsubsection.3.1.1}% 91
\BOOKMARK [4][-]{paragraph.3.1.1.4}{\376\377\000R\000i\000s\000k\000\040\000a\000s\000s\000e\000s\000s\000m\000e\000n\000t\000\040\000f\000o\000r\000\040\000u\000s\000e\000r\000\040\000a\000u\000t\000h\000e\000n\000t\000i\000c\000a\000t\000i\000o\000n}{subsubsection.3.1.1}% 92
\BOOKMARK [3][-]{subsubsection.3.1.2}{\376\377\000Q\000u\000e\000s\000t\000i\000o\000n\000\040\000\046\000\040\000E\000x\000a\000m\000p\000l\000e}{subsection.3.1}% 93
\BOOKMARK [2][-]{subsection.3.2}{\376\377\000P\000a\000s\000s\000w\000o\000r\000d\000-\000B\000a\000s\000e\000d\000\040\000A\000u\000t\000h\000e\000n\000t\000i\000c\000a\000t\000i\000o\000n}{section.3}% 94
\BOOKMARK [3][-]{subsubsection.3.2.1}{\376\377\000U\000n\000i\000x\000\040\000I\000m\000p\000l\000e\000m\000e\000n\000t\000a\000t\000i\000o\000n}{subsection.3.2}% 95
\BOOKMARK [4][-]{paragraph.3.2.1.1}{\376\377\000I\000m\000p\000l\000e\000m\000e\000n\000t\000a\000t\000i\000o\000n}{subsubsection.3.2.1}% 96
\BOOKMARK [3][-]{subsubsection.3.2.2}{\376\377\000P\000a\000s\000s\000w\000o\000r\000d\000\040\000C\000r\000a\000c\000k\000i\000n\000g}{subsection.3.2}% 97
\BOOKMARK [4][-]{paragraph.3.2.2.1}{\376\377\000M\000o\000d\000e\000r\000n\000\040\000A\000p\000p\000r\000o\000a\000c\000h\000e\000s}{subsubsection.3.2.2}% 98
\BOOKMARK [4][-]{paragraph.3.2.2.2}{\376\377\000P\000a\000s\000s\000w\000o\000r\000d\000\040\000f\000i\000l\000e\000\040\000a\000c\000c\000e\000s\000s\000\040\000c\000o\000n\000t\000r\000o\000l}{subsubsection.3.2.2}% 99
\BOOKMARK [4][-]{paragraph.3.2.2.3}{\376\377\000P\000a\000s\000s\000w\000o\000r\000d\000\040\000s\000e\000l\000e\000c\000t\000i\000o\000n\000\040\000s\000t\000r\000a\000t\000e\000g\000i\000e\000s}{subsubsection.3.2.2}% 100
\BOOKMARK [4][-]{paragraph.3.2.2.4}{\376\377\000P\000r\000o\000a\000c\000t\000i\000v\000e\000\040\000p\000a\000s\000s\000w\000o\000r\000d\000\040\000c\000h\000e\000c\000k\000i\000n\000g}{subsubsection.3.2.2}% 101
\BOOKMARK [3][-]{subsubsection.3.2.3}{\376\377\000Q\000u\000e\000s\000t\000i\000o\000n\000\040\000\046\000\040\000E\000x\000a\000m\000p\000l\000e\000s}{subsection.3.2}% 102
\BOOKMARK [3][-]{subsubsection.3.2.4}{\376\377\000Q\000u\000e\000s\000t\000i\000o\000n\000\040\000\046\000\040\000E\000x\000a\000m\000p\000l\000e\000s}{subsection.3.2}% 103
\BOOKMARK [2][-]{subsection.3.3}{\376\377\000T\000o\000k\000e\000n\000-\000B\000a\000s\000e\000d\000\040\000a\000u\000t\000h\000e\000n\000t\000i\000c\000a\000t\000i\000o\000n}{section.3}% 104
\BOOKMARK [3][-]{subsubsection.3.3.1}{\376\377\000A\000p\000p\000l\000i\000c\000a\000t\000i\000o\000n}{subsection.3.3}% 105
\BOOKMARK [4][-]{paragraph.3.3.1.1}{\376\377\000E\000l\000e\000c\000t\000r\000o\000n\000i\000c\000\040\000I\000d\000e\000n\000t\000i\000t\000y\000\040\000C\000a\000r\000d\000s\000\040\000\050\000e\000I\000D\000\051}{subsubsection.3.3.1}% 106
\BOOKMARK [4][-]{paragraph.3.3.1.2}{\376\377\000P\000a\000s\000s\000w\000o\000r\000d\000\040\000A\000u\000t\000h\000e\000n\000t\000i\000c\000a\000t\000e\000d\000\040\000C\000o\000n\000n\000e\000c\000t\000i\000o\000n\000\040\000E\000s\000t\000a\000b\000l\000i\000s\000h\000m\000e\000n\000t}{subsubsection.3.3.1}% 107
\BOOKMARK [2][-]{subsection.3.4}{\376\377\000B\000i\000o\000m\000e\000t\000r\000i\000c\000\040\000A\000u\000t\000h\000e\000n\000t\000i\000c\000a\000t\000i\000o\000n}{section.3}% 108
\BOOKMARK [3][-]{subsubsection.3.4.1}{\376\377\000Q\000u\000e\000s\000t\000i\000o\000n\000\040\000\046\000\040\000E\000x\000a\000m\000p\000l\000e\000s}{subsection.3.4}% 109
\BOOKMARK [2][-]{subsection.3.5}{\376\377\000R\000e\000m\000o\000t\000e\000\040\000U\000s\000e\000r\000\040\000A\000u\000t\000h\000e\000n\000t\000i\000c\000a\000t\000i\000o\000n}{section.3}% 110
\BOOKMARK [3][-]{subsubsection.3.5.1}{\376\377\000B\000a\000s\000i\000c\000\040\000c\000h\000a\000l\000l\000e\000n\000g\000e\000r\000e\000s\000p\000o\000n\000s\000e\000\040\000p\000r\000o\000t\000o\000c\000o\000l\000\040\000f\000o\000r\000\040\000r\000e\000m\000o\000t\000e\000\040\000u\000s\000e\000r\000\040\000a\000u\000t\000h\000e\000n\000t\000i\000c\000a\000t\000i\000o\000n}{subsection.3.5}% 111
\BOOKMARK [3][-]{subsubsection.3.5.2}{\376\377\000A\000u\000t\000h\000e\000n\000t\000i\000c\000a\000t\000i\000o\000n\000\040\000s\000e\000c\000u\000r\000i\000t\000y\000\040\000i\000s\000s\000u\000e\000s}{subsection.3.5}% 112
\BOOKMARK [2][-]{subsection.3.6}{\376\377\000E\000x\000e\000r\000c\000i\000s\000e\000s}{section.3}% 113
\BOOKMARK [3][-]{subsubsection.3.6.1}{\376\377\000E\000x\000e\000r\000c\000i\000s\000e\000\040\0001}{subsection.3.6}% 114
\BOOKMARK [1][-]{section.4}{\376\377\000A\000c\000c\000e\000s\000s\000\040\000C\000o\000n\000t\000r\000o\000l}{}% 115
\BOOKMARK [2][-]{subsection.4.1}{\376\377\000I\000n\000t\000r\000o\000d\000u\000c\000t\000i\000o\000n}{section.4}% 116
\BOOKMARK [3][-]{paragraph.4.1.0.1}{\376\377\000D\000e\000f\000i\000n\000i\000t\000i\000o\000n}{subsection.4.1}% 117
\BOOKMARK [4][-]{paragraph.4.1.0.2}{\376\377\000S\000e\000c\000u\000r\000i\000t\000y\000\040\000R\000e\000q\000u\000i\000r\000e\000m\000e\000n\000t\000s}{paragraph.4.1.0.1}% 118
\BOOKMARK [4][-]{paragraph.4.1.0.3}{\376\377\000P\000r\000i\000n\000c\000i\000p\000l\000e\000s}{paragraph.4.1.0.1}% 119
\BOOKMARK [4][-]{paragraph.4.1.0.4}{\376\377\000C\000o\000m\000p\000u\000t\000e\000r\000\040\000S\000e\000c\000u\000r\000i\000t\000y}{paragraph.4.1.0.1}% 120
\BOOKMARK [4][-]{paragraph.4.1.0.5}{\376\377\000O\000t\000h\000e\000r\000\040\000S\000e\000c\000u\000r\000i\000t\000y\000\040\000F\000u\000n\000c\000t\000i\000o\000n\000s}{paragraph.4.1.0.1}% 121
\BOOKMARK [4][-]{paragraph.4.1.0.6}{\376\377\000P\000o\000l\000i\000c\000i\000e\000s}{paragraph.4.1.0.1}% 122
\BOOKMARK [4][-]{paragraph.4.1.0.7}{\376\377\000S\000u\000b\000j\000e\000c\000t\000s\000,\000\040\000o\000b\000j\000e\000c\000t\000s\000,\000\040\000a\000n\000d\000\040\000a\000c\000c\000e\000s\000s\000\040\000r\000i\000g\000h\000t\000s}{paragraph.4.1.0.1}% 123
\BOOKMARK [2][-]{subsection.4.2}{\376\377\000P\000o\000l\000i\000c\000i\000e\000s}{section.4}% 124
\BOOKMARK [3][-]{subsubsection.4.2.1}{\376\377\000D\000i\000s\000c\000r\000e\000t\000i\000o\000n\000a\000r\000y\000\040\000a\000c\000c\000e\000s\000s\000\040\000c\000o\000n\000t\000r\000o\000l\000\040\000\050\000D\000A\000C\000\051}{subsection.4.2}% 125
\BOOKMARK [4][-]{paragraph.4.2.1.1}{\376\377\000E\000x\000a\000m\000p\000l\000e\000\040\000o\000f\000\040\000a\000c\000c\000e\000s\000s\000\040\000c\000o\000n\000t\000r\000o\000l\000\040\000s\000t\000r\000u\000c\000t\000u\000r\000e\000s}{subsubsection.4.2.1}% 126
\BOOKMARK [4][-]{paragraph.4.2.1.2}{\376\377\000M\000o\000d\000e\000l\000s}{subsubsection.4.2.1}% 127
\BOOKMARK [4][-]{paragraph.4.2.1.3}{\376\377\000P\000r\000o\000t\000e\000c\000t\000i\000o\000n\000\040\000D\000o\000m\000a\000i\000n\000s}{subsubsection.4.2.1}% 128
\BOOKMARK [4][-]{figure.caption.139}{\376\377\000R\000e\000c\000a\000p\000\040\000o\000f\000\040\000O\000p\000e\000r\000a\000t\000i\000n\000g\000\040\000S\000y\000s\000t\000e\000m\000s}{subsubsection.4.2.1}% 129
\BOOKMARK [4][-]{paragraph.4.2.1.5}{\376\377\000U\000n\000i\000x\000\040\000F\000i\000l\000e\000\040\000a\000c\000c\000e\000s\000s\000\040\000c\000o\000n\000t\000r\000o\000l\000l}{subsubsection.4.2.1}% 130
\BOOKMARK [4][-]{paragraph.4.2.1.6}{\376\377\000E\000x\000e\000r\000c\000i\000s\000e\000s}{subsubsection.4.2.1}% 131
\BOOKMARK [3][-]{subsubsection.4.2.2}{\376\377\000R\000o\000l\000e\000\040\000B\000a\000s\000e\000d\000\040\000A\000c\000c\000e\000s\000s\000\040\000C\000o\000n\000t\000r\000o\000l}{subsection.4.2}% 132
\BOOKMARK [4][-]{figure.caption.161}{\376\377\000A\000\040\000f\000a\000m\000i\000l\000y\000\040\000o\000f\000\040\000r\000o\000l\000e\000b\000a\000s\000e\000d\000\040\000a\000c\000c\000e\000s\000s\000\040\000c\000o\000n\000t\000r\000o\000l\000\040\000m\000o\000d\000e\000l\000s}{subsubsection.4.2.2}% 133
\BOOKMARK [3][-]{subsubsection.4.2.3}{\376\377\000A\000t\000t\000r\000i\000b\000u\000t\000e\000-\000B\000a\000s\000e\000d\000\040\000A\000c\000c\000e\000s\000s\000\040\000C\000o\000n\000t\000r\000o\000l}{subsection.4.2}% 134
\BOOKMARK [4][-]{paragraph.4.2.3.1}{\376\377\000A\000t\000t\000r\000i\000b\000u\000t\000e}{subsubsection.4.2.3}% 135
\BOOKMARK [4][-]{paragraph.4.2.3.2}{\376\377\000P\000o\000l\000i\000c\000i\000e\000s}{subsubsection.4.2.3}% 136
\BOOKMARK [4][-]{paragraph.4.2.3.3}{\376\377\000R\000B\000A\000C\000\040\000v\000s\000\040\000A\000B\000A\000C}{subsubsection.4.2.3}% 137
\BOOKMARK [4][-]{paragraph.4.2.3.4}{\376\377\000E\000x\000e\000r\000c\000i\000s\000e\000s}{subsubsection.4.2.3}% 138
\BOOKMARK [2][-]{subsection.4.3}{\376\377\000I\000d\000e\000n\000t\000i\000t\000y\000,\000\040\000c\000r\000e\000d\000e\000n\000t\000i\000a\000l\000,\000\040\000a\000n\000d\000\040\000a\000c\000c\000e\000s\000s\000\040\000m\000a\000n\000a\000g\000e\000m\000e\000n\000t\000\040\000\050\000I\000C\000A\000M\000\051\000\040\000a\000n\000d\000\040\000t\000r\000u\000s\000t\000\040\000f\000r\000a\000m\000e\000w\000o\000r\000k\000s}{section.4}% 139
\BOOKMARK [3][-]{subsubsection.4.3.1}{\376\377\000I\000d\000e\000n\000t\000i\000t\000y\000\040\000M\000a\000n\000a\000g\000e\000m\000e\000n\000t}{subsection.4.3}% 140
\BOOKMARK [3][-]{subsubsection.4.3.2}{\376\377\000C\000r\000e\000d\000e\000n\000t\000i\000a\000l\000\040\000M\000a\000n\000a\000g\000e\000m\000e\000n\000t}{subsection.4.3}% 141
\BOOKMARK [3][-]{subsubsection.4.3.3}{\376\377\000A\000c\000c\000e\000s\000s\000\040\000M\000a\000n\000a\000g\000e\000m\000e\000n\000t}{subsection.4.3}% 142
\BOOKMARK [4][-]{paragraph.4.3.3.1}{\376\377\000T\000h\000r\000e\000e\000\040\000s\000u\000p\000p\000o\000r\000t\000\040\000e\000l\000e\000m\000e\000n\000t\000s\000\040\000a\000r\000e\000\040\000n\000e\000e\000d\000e\000d\000\040\000f\000o\000r\000\040\000a\000n\000\040\000e\000n\000t\000e\000r\000p\000r\000i\000s\000e\000-\000w\000i\000d\000e\000\040\000a\000c\000c\000e\000s\000s\000\040\000c\000o\000n\000t\000r\000o\000l\000\040\000f\000a\000c\000i\000l\000i\000t\000y\000:}{subsubsection.4.3.3}% 143
\BOOKMARK [3][-]{subsubsection.4.3.4}{\376\377\000I\000d\000e\000n\000t\000i\000t\000y\000\040\000f\000e\000d\000e\000r\000a\000t\000i\000o\000n}{subsection.4.3}% 144
\BOOKMARK [4][-]{paragraph.4.3.4.1}{\376\377\000T\000r\000u\000s\000t}{subsubsection.4.3.4}% 145
\BOOKMARK [4][-]{paragraph.4.3.4.2}{\376\377\000I\000d\000e\000n\000t\000i\000t\000y\000\040\000I\000n\000f\000o\000r\000m\000a\000t\000i\000o\000n\000\040\000e\000x\000c\000h\000a\000n\000g\000e\000\040\000a\000p\000p\000r\000o\000a\000c\000h\000e\000s}{subsubsection.4.3.4}% 146
\BOOKMARK [1][-]{section.5}{\376\377\000D\000a\000t\000a\000b\000a\000s\000e\000\040\000a\000n\000d\000\040\000D\000a\000t\000a\000\040\000C\000e\000n\000t\000e\000r\000\040\000S\000e\000c\000u\000r\000i\000t\000y\000\040\000C\000o\000m\000p\000u\000t\000e\000r}{}% 147
\BOOKMARK [2][-]{subsection.5.1}{\376\377\000D\000B\000M\000S}{section.5}% 148
\BOOKMARK [3][-]{paragraph.5.1.0.1}{\376\377\000D\000a\000t\000a\000b\000a\000s\000e\000s}{subsection.5.1}% 149
\BOOKMARK [4][-]{paragraph.5.1.0.2}{\376\377\000D\000M\000B\000S}{paragraph.5.1.0.1}% 150
\BOOKMARK [4][-]{paragraph.5.1.0.3}{\376\377\000R\000e\000l\000a\000t\000i\000o\000n\000a\000l\000\040\000D\000a\000t\000a\000b\000a\000s\000e}{paragraph.5.1.0.1}% 151
\BOOKMARK [4][-]{paragraph.5.1.0.4}{\376\377\000S\000Q\000L}{paragraph.5.1.0.1}% 152
\BOOKMARK [4][-]{paragraph.5.1.0.5}{\376\377\000Q\000u\000e\000s\000t\000i\000o\000n\000\040\000\046\000\040\000E\000x\000a\000m\000p\000l\000e\000s}{paragraph.5.1.0.1}% 153
\BOOKMARK [2][-]{subsection.5.2}{\376\377\000S\000Q\000L\000\040\000i\000n\000j\000e\000c\000t\000i\000o\000n\000\040\000a\000t\000t\000a\000c\000k\000s}{section.5}% 154
\BOOKMARK [3][-]{subsubsection.5.2.1}{\376\377\000S\000Q\000L\000\040\000I\000n\000j\000e\000c\000t\000i\000o\000n\000\040\000A\000t\000t\000a\000c\000k\000s}{subsection.5.2}% 155
\BOOKMARK [4][-]{paragraph.5.2.1.1}{\376\377\000I\000n\000j\000e\000c\000t\000i\000o\000n\000\040\000T\000e\000c\000h\000n\000i\000q\000u\000e}{subsubsection.5.2.1}% 156
\BOOKMARK [4][-]{paragraph.5.2.1.2}{\376\377\000E\000x\000a\000m\000p\000l\000e\000\040\000o\000f\000\040\000S\000Q\000L\000i}{subsubsection.5.2.1}% 157
