This is pdfTeX, Version 3.141592653-2.6-1.40.26 (TeX Live 2024) (preloaded format=pdflatex 2024.7.12)  13 AUG 2024 19:39
entering extended mode
 restricted \write18 enabled.
 file:line:error style messages enabled.
 %&-line parsing enabled.
**d:/Università/Magistrale/DSS/Appunti_Miei/Appunti_DSS.tex
(d:/Università/Magistrale/DSS/Appunti_Miei/Appunti_DSS.tex
LaTeX2e <2024-06-01> patch level 2
L3 programming layer <2024-05-27>
(d:/texlive/2024/texmf-dist/tex/latex/base/article.cls
Document Class: article 2024/02/08 v1.4n Standard LaTeX document class
(d:/texlive/2024/texmf-dist/tex/latex/base/size10.clo
File: size10.clo 2024/02/08 v1.4n Standard LaTeX file (size option)
)
\c@part=\count194
\c@section=\count195
\c@subsection=\count196
\c@subsubsection=\count197
\c@paragraph=\count198
\c@subparagraph=\count199
\c@figure=\count266
\c@table=\count267
\abovecaptionskip=\skip49
\belowcaptionskip=\skip50
\bibindent=\dimen141
) (d:/texlive/2024/texmf-dist/tex/latex/graphics/graphicx.sty
Package: graphicx 2021/09/16 v1.2d Enhanced LaTeX Graphics (DPC,SPQR)
 (d:/texlive/2024/texmf-dist/tex/latex/graphics/keyval.sty
Package: keyval 2022/05/29 v1.15 key=value parser (DPC)
\KV@toks@=\toks17
) (d:/texlive/2024/texmf-dist/tex/latex/graphics/graphics.sty
Package: graphics 2024/05/23 v1.4g Standard LaTeX Graphics (DPC,SPQR)
 (d:/texlive/2024/texmf-dist/tex/latex/graphics/trig.sty
Package: trig 2023/12/02 v1.11 sin cos tan (DPC)
) (d:/texlive/2024/texmf-dist/tex/latex/graphics-cfg/graphics.cfg
File: graphics.cfg 2016/06/04 v1.11 sample graphics configuration
)
Package graphics Info: Driver file: pdftex.def on input line 106.
 (d:/texlive/2024/texmf-dist/tex/latex/graphics-def/pdftex.def
File: pdftex.def 2024/04/13 v1.2c Graphics/color driver for pdftex
))
\Gin@req@height=\dimen142
\Gin@req@width=\dimen143
) (d:/texlive/2024/texmf-dist/tex/latex/wrapfig/wrapfig.sty
\wrapoverhang=\dimen144
\WF@size=\dimen145
\c@WF@wrappedlines=\count268
\WF@box=\box52
\WF@everypar=\toks18
Package: wrapfig 2003/01/31  v 3.6
) (d:/texlive/2024/texmf-dist/tex/latex/xcolor/xcolor.sty
Package: xcolor 2023/11/15 v3.01 LaTeX color extensions (UK)
 (d:/texlive/2024/texmf-dist/tex/latex/graphics-cfg/color.cfg
File: color.cfg 2016/01/02 v1.6 sample color configuration
)
Package xcolor Info: Driver file: pdftex.def on input line 274.
 (d:/texlive/2024/texmf-dist/tex/latex/graphics/mathcolor.ltx)
Package xcolor Info: Model `cmy' substituted by `cmy0' on input line 1350.
Package xcolor Info: Model `hsb' substituted by `rgb' on input line 1354.
Package xcolor Info: Model `RGB' extended on input line 1366.
Package xcolor Info: Model `HTML' substituted by `rgb' on input line 1368.
Package xcolor Info: Model `Hsb' substituted by `hsb' on input line 1369.
Package xcolor Info: Model `tHsb' substituted by `hsb' on input line 1370.
Package xcolor Info: Model `HSB' substituted by `hsb' on input line 1371.
Package xcolor Info: Model `Gray' substituted by `gray' on input line 1372.
Package xcolor Info: Model `wave' substituted by `hsb' on input line 1373.
) (d:/texlive/2024/texmf-dist/tex/latex/colortbl/colortbl.sty
Package: colortbl 2024/07/06 v1.0i Color table columns (DPC)
 (d:/texlive/2024/texmf-dist/tex/latex/tools/array.sty
Package: array 2024/06/14 v2.6d Tabular extension package (FMi)
\col@sep=\dimen146
\ar@mcellbox=\box53
\extrarowheight=\dimen147
\NC@list=\toks19
\extratabsurround=\skip51
\backup@length=\skip52
\ar@cellbox=\box54
)
\everycr=\toks20
\minrowclearance=\skip53
\rownum=\count269
) (d:/texlive/2024/texmf-dist/tex/latex/hyperref/hyperref.sty
Package: hyperref 2024-07-10 v7.01j Hypertext links for LaTeX
 (d:/texlive/2024/texmf-dist/tex/generic/iftex/iftex.sty
Package: iftex 2022/02/03 v1.0f TeX engine tests
) (d:/texlive/2024/texmf-dist/tex/latex/kvsetkeys/kvsetkeys.sty
Package: kvsetkeys 2022-10-05 v1.19 Key value parser (HO)
) (d:/texlive/2024/texmf-dist/tex/generic/kvdefinekeys/kvdefinekeys.sty
Package: kvdefinekeys 2019-12-19 v1.6 Define keys (HO)
) (d:/texlive/2024/texmf-dist/tex/generic/pdfescape/pdfescape.sty
Package: pdfescape 2019/12/09 v1.15 Implements pdfTeX's escape features (HO)
 (d:/texlive/2024/texmf-dist/tex/generic/ltxcmds/ltxcmds.sty
Package: ltxcmds 2023-12-04 v1.26 LaTeX kernel commands for general use (HO)
) (d:/texlive/2024/texmf-dist/tex/generic/pdftexcmds/pdftexcmds.sty
Package: pdftexcmds 2020-06-27 v0.33 Utility functions of pdfTeX for LuaTeX (HO)
 (d:/texlive/2024/texmf-dist/tex/generic/infwarerr/infwarerr.sty
Package: infwarerr 2019/12/03 v1.5 Providing info/warning/error messages (HO)
)
Package pdftexcmds Info: \pdf@primitive is available.
Package pdftexcmds Info: \pdf@ifprimitive is available.
Package pdftexcmds Info: \pdfdraftmode found.
)) (d:/texlive/2024/texmf-dist/tex/latex/hycolor/hycolor.sty
Package: hycolor 2020-01-27 v1.10 Color options for hyperref/bookmark (HO)
) (d:/texlive/2024/texmf-dist/tex/latex/hyperref/nameref.sty
Package: nameref 2023-11-26 v2.56 Cross-referencing by name of section
 (d:/texlive/2024/texmf-dist/tex/latex/refcount/refcount.sty
Package: refcount 2019/12/15 v3.6 Data extraction from label references (HO)
) (d:/texlive/2024/texmf-dist/tex/generic/gettitlestring/gettitlestring.sty
Package: gettitlestring 2019/12/15 v1.6 Cleanup title references (HO)
 (d:/texlive/2024/texmf-dist/tex/latex/kvoptions/kvoptions.sty
Package: kvoptions 2022-06-15 v3.15 Key value format for package options (HO)
))
\c@section@level=\count270
) (d:/texlive/2024/texmf-dist/tex/latex/etoolbox/etoolbox.sty
Package: etoolbox 2020/10/05 v2.5k e-TeX tools for LaTeX (JAW)
\etb@tempcnta=\count271
) (d:/texlive/2024/texmf-dist/tex/generic/stringenc/stringenc.sty
Package: stringenc 2019/11/29 v1.12 Convert strings between diff. encodings (HO)
)
\@linkdim=\dimen148
\Hy@linkcounter=\count272
\Hy@pagecounter=\count273
 (d:/texlive/2024/texmf-dist/tex/latex/hyperref/pd1enc.def
File: pd1enc.def 2024-07-10 v7.01j Hyperref: PDFDocEncoding definition (HO)
Now handling font encoding PD1 ...
... no UTF-8 mapping file for font encoding PD1
) (d:/texlive/2024/texmf-dist/tex/generic/intcalc/intcalc.sty
Package: intcalc 2019/12/15 v1.3 Expandable calculations with integers (HO)
)
\Hy@SavedSpaceFactor=\count274
 (d:/texlive/2024/texmf-dist/tex/latex/hyperref/puenc.def
File: puenc.def 2024-07-10 v7.01j Hyperref: PDF Unicode definition (HO)
Now handling font encoding PU ...
... no UTF-8 mapping file for font encoding PU
)
Package hyperref Info: Hyper figures OFF on input line 4157.
Package hyperref Info: Link nesting OFF on input line 4162.
Package hyperref Info: Hyper index ON on input line 4165.
Package hyperref Info: Plain pages OFF on input line 4172.
Package hyperref Info: Backreferencing OFF on input line 4177.
Package hyperref Info: Implicit mode ON; LaTeX internals redefined.
Package hyperref Info: Bookmarks ON on input line 4424.
\c@Hy@tempcnt=\count275
 (d:/texlive/2024/texmf-dist/tex/latex/url/url.sty
\Urlmuskip=\muskip17
Package: url 2013/09/16  ver 3.4  Verb mode for urls, etc.
)
LaTeX Info: Redefining \url on input line 4763.
\XeTeXLinkMargin=\dimen149
 (d:/texlive/2024/texmf-dist/tex/generic/bitset/bitset.sty
Package: bitset 2019/12/09 v1.3 Handle bit-vector datatype (HO)
 (d:/texlive/2024/texmf-dist/tex/generic/bigintcalc/bigintcalc.sty
Package: bigintcalc 2019/12/15 v1.5 Expandable calculations on big integers (HO)
))
\Fld@menulength=\count276
\Field@Width=\dimen150
\Fld@charsize=\dimen151
Package hyperref Info: Hyper figures OFF on input line 6042.
Package hyperref Info: Link nesting OFF on input line 6047.
Package hyperref Info: Hyper index ON on input line 6050.
Package hyperref Info: backreferencing OFF on input line 6057.
Package hyperref Info: Link coloring OFF on input line 6062.
Package hyperref Info: Link coloring with OCG OFF on input line 6067.
Package hyperref Info: PDF/A mode OFF on input line 6072.
 (d:/texlive/2024/texmf-dist/tex/latex/base/atbegshi-ltx.sty
Package: atbegshi-ltx 2021/01/10 v1.0c Emulation of the original atbegshi
package with kernel methods
)
\Hy@abspage=\count277
\c@Item=\count278
\c@Hfootnote=\count279
)
Package hyperref Info: Driver (autodetected): hpdftex.
 (d:/texlive/2024/texmf-dist/tex/latex/hyperref/hpdftex.def
File: hpdftex.def 2024-07-10 v7.01j Hyperref driver for pdfTeX
 (d:/texlive/2024/texmf-dist/tex/latex/base/atveryend-ltx.sty
Package: atveryend-ltx 2020/08/19 v1.0a Emulation of the original atveryend package
with kernel methods
)
\Fld@listcount=\count280
\c@bookmark@seq@number=\count281
 (d:/texlive/2024/texmf-dist/tex/latex/rerunfilecheck/rerunfilecheck.sty
Package: rerunfilecheck 2022-07-10 v1.10 Rerun checks for auxiliary files (HO)
 (d:/texlive/2024/texmf-dist/tex/generic/uniquecounter/uniquecounter.sty
Package: uniquecounter 2019/12/15 v1.4 Provide unlimited unique counter (HO)
)
Package uniquecounter Info: New unique counter `rerunfilecheck' on input line 285.
)
\Hy@SectionHShift=\skip54
) (d:/texlive/2024/texmf-dist/tex/latex/adjustbox/adjustbox.sty
Package: adjustbox 2022/10/17 v1.3a Adjusting TeX boxes (trim, clip, ...)
 (d:/texlive/2024/texmf-dist/tex/latex/xkeyval/xkeyval.sty
Package: xkeyval 2022/06/16 v2.9 package option processing (HA)
 (d:/texlive/2024/texmf-dist/tex/generic/xkeyval/xkeyval.tex (d:/texlive/2024/texmf-dist/tex/generic/xkeyval/xkvutils.tex
\XKV@toks=\toks21
\XKV@tempa@toks=\toks22
)
\XKV@depth=\count282
File: xkeyval.tex 2014/12/03 v2.7a key=value parser (HA)
)) (d:/texlive/2024/texmf-dist/tex/latex/adjustbox/adjcalc.sty
Package: adjcalc 2012/05/16 v1.1 Provides advanced setlength with multiple back-ends (calc, etex, pgfmath)
) (d:/texlive/2024/texmf-dist/tex/latex/adjustbox/trimclip.sty
Package: trimclip 2020/08/19 v1.2 Trim and clip general TeX material
 (d:/texlive/2024/texmf-dist/tex/latex/collectbox/collectbox.sty
Package: collectbox 2022/10/17 v0.4c Collect macro arguments as boxes
\collectedbox=\box55
)
\tc@llx=\dimen152
\tc@lly=\dimen153
\tc@urx=\dimen154
\tc@ury=\dimen155
Package trimclip Info: Using driver 'tc-pdftex.def'.
 (d:/texlive/2024/texmf-dist/tex/latex/adjustbox/tc-pdftex.def
File: tc-pdftex.def 2019/01/04 v2.2 Clipping driver for pdftex
))
\adjbox@Width=\dimen156
\adjbox@Height=\dimen157
\adjbox@Depth=\dimen158
\adjbox@Totalheight=\dimen159
\adjbox@pwidth=\dimen160
\adjbox@pheight=\dimen161
\adjbox@pdepth=\dimen162
\adjbox@ptotalheight=\dimen163
) (d:/texlive/2024/texmf-dist/tex/latex/geometry/geometry.sty
Package: geometry 2020/01/02 v5.9 Page Geometry
 (d:/texlive/2024/texmf-dist/tex/generic/iftex/ifvtex.sty
Package: ifvtex 2019/10/25 v1.7 ifvtex legacy package. Use iftex instead.
)
\Gm@cnth=\count283
\Gm@cntv=\count284
\c@Gm@tempcnt=\count285
\Gm@bindingoffset=\dimen164
\Gm@wd@mp=\dimen165
\Gm@odd@mp=\dimen166
\Gm@even@mp=\dimen167
\Gm@layoutwidth=\dimen168
\Gm@layoutheight=\dimen169
\Gm@layouthoffset=\dimen170
\Gm@layoutvoffset=\dimen171
\Gm@dimlist=\toks23
) (d:/texlive/2024/texmf-dist/tex/latex/listings/listings.sty
\lst@mode=\count286
\lst@gtempboxa=\box56
\lst@token=\toks24
\lst@length=\count287
\lst@currlwidth=\dimen172
\lst@column=\count288
\lst@pos=\count289
\lst@lostspace=\dimen173
\lst@width=\dimen174
\lst@newlines=\count290
\lst@lineno=\count291
\lst@maxwidth=\dimen175
 (d:/texlive/2024/texmf-dist/tex/latex/listings/lstpatch.sty
File: lstpatch.sty 2024/05/25 1.10b (Carsten Heinz)
) (d:/texlive/2024/texmf-dist/tex/latex/listings/lstmisc.sty
File: lstmisc.sty 2024/05/25 1.10b (Carsten Heinz)
\c@lstnumber=\count292
\lst@skipnumbers=\count293
\lst@framebox=\box57
) (d:/texlive/2024/texmf-dist/tex/latex/listings/listings.cfg
File: listings.cfg 2024/05/25 1.10b listings configuration
))
Package: listings 2024/05/25 1.10b (Carsten Heinz)
 (d:/texlive/2024/texmf-dist/tex/latex/caption/caption.sty
Package: caption 2023/08/05 v3.6o Customizing captions (AR)
 (d:/texlive/2024/texmf-dist/tex/latex/caption/caption3.sty
Package: caption3 2023/07/31 v2.4d caption3 kernel (AR)
\caption@tempdima=\dimen176
\captionmargin=\dimen177
\caption@leftmargin=\dimen178
\caption@rightmargin=\dimen179
\caption@width=\dimen180
\caption@indent=\dimen181
\caption@parindent=\dimen182
\caption@hangindent=\dimen183
Package caption Info: Standard document class detected.
)
\c@caption@flags=\count294
\c@continuedfloat=\count295
Package caption Info: hyperref package is loaded.
Package caption Info: listings package is loaded.
Package caption Info: wrapfig package is loaded.
) (d:/texlive/2024/texmf-dist/tex/latex/subfigure/subfigure.sty
Package: subfigure 2002/03/15 v2.1.5 subfigure package
\subfigtopskip=\skip55
\subfigcapskip=\skip56
\subfigcaptopadj=\dimen184
\subfigbottomskip=\skip57
\subfigcapmargin=\dimen185
\subfiglabelskip=\skip58
\c@subfigure=\count296
\c@lofdepth=\count297
\c@subtable=\count298
\c@lotdepth=\count299

****************************************
* Local config file subfigure.cfg used *
****************************************
(d:/texlive/2024/texmf-dist/tex/latex/subfigure/subfigure.cfg)
\subfig@top=\skip59
\subfig@bottom=\skip60
) (d:/texlive/2024/texmf-dist/tex/latex/pgf/frontendlayer/tikz.sty (d:/texlive/2024/texmf-dist/tex/latex/pgf/basiclayer/pgf.sty (d:/texlive/2024/texmf-dist/tex/latex/pgf/utilities/pgfrcs.sty (d:/texlive/2024/texmf-dist/tex/generic/pgf/utilities/pgfutil-common.tex
\pgfutil@everybye=\toks25
\pgfutil@tempdima=\dimen186
\pgfutil@tempdimb=\dimen187
) (d:/texlive/2024/texmf-dist/tex/generic/pgf/utilities/pgfutil-latex.def
\pgfutil@abb=\box58
) (d:/texlive/2024/texmf-dist/tex/generic/pgf/utilities/pgfrcs.code.tex (d:/texlive/2024/texmf-dist/tex/generic/pgf/pgf.revision.tex)
Package: pgfrcs 2023-01-15 v3.1.10 (3.1.10)
))
Package: pgf 2023-01-15 v3.1.10 (3.1.10)
 (d:/texlive/2024/texmf-dist/tex/latex/pgf/basiclayer/pgfcore.sty (d:/texlive/2024/texmf-dist/tex/latex/pgf/systemlayer/pgfsys.sty (d:/texlive/2024/texmf-dist/tex/generic/pgf/systemlayer/pgfsys.code.tex
Package: pgfsys 2023-01-15 v3.1.10 (3.1.10)
 (d:/texlive/2024/texmf-dist/tex/generic/pgf/utilities/pgfkeys.code.tex
\pgfkeys@pathtoks=\toks26
\pgfkeys@temptoks=\toks27
 (d:/texlive/2024/texmf-dist/tex/generic/pgf/utilities/pgfkeyslibraryfiltered.code.tex
\pgfkeys@tmptoks=\toks28
))
\pgf@x=\dimen188
\pgf@y=\dimen189
\pgf@xa=\dimen190
\pgf@ya=\dimen191
\pgf@xb=\dimen192
\pgf@yb=\dimen193
\pgf@xc=\dimen194
\pgf@yc=\dimen195
\pgf@xd=\dimen196
\pgf@yd=\dimen197
\w@pgf@writea=\write3
\r@pgf@reada=\read2
\c@pgf@counta=\count300
\c@pgf@countb=\count301
\c@pgf@countc=\count302
\c@pgf@countd=\count303
\t@pgf@toka=\toks29
\t@pgf@tokb=\toks30
\t@pgf@tokc=\toks31
\pgf@sys@id@count=\count304
 (d:/texlive/2024/texmf-dist/tex/generic/pgf/systemlayer/pgf.cfg
File: pgf.cfg 2023-01-15 v3.1.10 (3.1.10)
)
Driver file for pgf: pgfsys-pdftex.def
 (d:/texlive/2024/texmf-dist/tex/generic/pgf/systemlayer/pgfsys-pdftex.def
File: pgfsys-pdftex.def 2023-01-15 v3.1.10 (3.1.10)
 (d:/texlive/2024/texmf-dist/tex/generic/pgf/systemlayer/pgfsys-common-pdf.def
File: pgfsys-common-pdf.def 2023-01-15 v3.1.10 (3.1.10)
))) (d:/texlive/2024/texmf-dist/tex/generic/pgf/systemlayer/pgfsyssoftpath.code.tex
File: pgfsyssoftpath.code.tex 2023-01-15 v3.1.10 (3.1.10)
\pgfsyssoftpath@smallbuffer@items=\count305
\pgfsyssoftpath@bigbuffer@items=\count306
) (d:/texlive/2024/texmf-dist/tex/generic/pgf/systemlayer/pgfsysprotocol.code.tex
File: pgfsysprotocol.code.tex 2023-01-15 v3.1.10 (3.1.10)
)) (d:/texlive/2024/texmf-dist/tex/generic/pgf/basiclayer/pgfcore.code.tex
Package: pgfcore 2023-01-15 v3.1.10 (3.1.10)
 (d:/texlive/2024/texmf-dist/tex/generic/pgf/math/pgfmath.code.tex (d:/texlive/2024/texmf-dist/tex/generic/pgf/math/pgfmathutil.code.tex) (d:/texlive/2024/texmf-dist/tex/generic/pgf/math/pgfmathparser.code.tex
\pgfmath@dimen=\dimen198
\pgfmath@count=\count307
\pgfmath@box=\box59
\pgfmath@toks=\toks32
\pgfmath@stack@operand=\toks33
\pgfmath@stack@operation=\toks34
) (d:/texlive/2024/texmf-dist/tex/generic/pgf/math/pgfmathfunctions.code.tex) (d:/texlive/2024/texmf-dist/tex/generic/pgf/math/pgfmathfunctions.basic.code.tex) (d:/texlive/2024/texmf-dist/tex/generic/pgf/math/pgfmathfunctions.trigonometric.code.tex) (d:/texlive/2024/texmf-dist/tex/generic/pgf/math/pgfmathfunctions.random.code.tex) (d:/texlive/2024/texmf-dist/tex/generic/pgf/math/pgfmathfunctions.comparison.code.tex) (d:/texlive/2024/texmf-dist/tex/generic/pgf/math/pgfmathfunctions.base.code.tex) (d:/texlive/2024/texmf-dist/tex/generic/pgf/math/pgfmathfunctions.round.code.tex) (d:/texlive/2024/texmf-dist/tex/generic/pgf/math/pgfmathfunctions.misc.code.tex) (d:/texlive/2024/texmf-dist/tex/generic/pgf/math/pgfmathfunctions.integerarithmetics.code.tex) (d:/texlive/2024/texmf-dist/tex/generic/pgf/math/pgfmathcalc.code.tex) (d:/texlive/2024/texmf-dist/tex/generic/pgf/math/pgfmathfloat.code.tex
\c@pgfmathroundto@lastzeros=\count308
)) (d:/texlive/2024/texmf-dist/tex/generic/pgf/math/pgfint.code.tex) (d:/texlive/2024/texmf-dist/tex/generic/pgf/basiclayer/pgfcorepoints.code.tex
File: pgfcorepoints.code.tex 2023-01-15 v3.1.10 (3.1.10)
\pgf@picminx=\dimen199
\pgf@picmaxx=\dimen256
\pgf@picminy=\dimen257
\pgf@picmaxy=\dimen258
\pgf@pathminx=\dimen259
\pgf@pathmaxx=\dimen260
\pgf@pathminy=\dimen261
\pgf@pathmaxy=\dimen262
\pgf@xx=\dimen263
\pgf@xy=\dimen264
\pgf@yx=\dimen265
\pgf@yy=\dimen266
\pgf@zx=\dimen267
\pgf@zy=\dimen268
) (d:/texlive/2024/texmf-dist/tex/generic/pgf/basiclayer/pgfcorepathconstruct.code.tex
File: pgfcorepathconstruct.code.tex 2023-01-15 v3.1.10 (3.1.10)
\pgf@path@lastx=\dimen269
\pgf@path@lasty=\dimen270
) (d:/texlive/2024/texmf-dist/tex/generic/pgf/basiclayer/pgfcorepathusage.code.tex
File: pgfcorepathusage.code.tex 2023-01-15 v3.1.10 (3.1.10)
\pgf@shorten@end@additional=\dimen271
\pgf@shorten@start@additional=\dimen272
) (d:/texlive/2024/texmf-dist/tex/generic/pgf/basiclayer/pgfcorescopes.code.tex
File: pgfcorescopes.code.tex 2023-01-15 v3.1.10 (3.1.10)
\pgfpic=\box60
\pgf@hbox=\box61
\pgf@layerbox@main=\box62
\pgf@picture@serial@count=\count309
) (d:/texlive/2024/texmf-dist/tex/generic/pgf/basiclayer/pgfcoregraphicstate.code.tex
File: pgfcoregraphicstate.code.tex 2023-01-15 v3.1.10 (3.1.10)
\pgflinewidth=\dimen273
) (d:/texlive/2024/texmf-dist/tex/generic/pgf/basiclayer/pgfcoretransformations.code.tex
File: pgfcoretransformations.code.tex 2023-01-15 v3.1.10 (3.1.10)
\pgf@pt@x=\dimen274
\pgf@pt@y=\dimen275
\pgf@pt@temp=\dimen276
) (d:/texlive/2024/texmf-dist/tex/generic/pgf/basiclayer/pgfcorequick.code.tex
File: pgfcorequick.code.tex 2023-01-15 v3.1.10 (3.1.10)
) (d:/texlive/2024/texmf-dist/tex/generic/pgf/basiclayer/pgfcoreobjects.code.tex
File: pgfcoreobjects.code.tex 2023-01-15 v3.1.10 (3.1.10)
) (d:/texlive/2024/texmf-dist/tex/generic/pgf/basiclayer/pgfcorepathprocessing.code.tex
File: pgfcorepathprocessing.code.tex 2023-01-15 v3.1.10 (3.1.10)
) (d:/texlive/2024/texmf-dist/tex/generic/pgf/basiclayer/pgfcorearrows.code.tex
File: pgfcorearrows.code.tex 2023-01-15 v3.1.10 (3.1.10)
\pgfarrowsep=\dimen277
) (d:/texlive/2024/texmf-dist/tex/generic/pgf/basiclayer/pgfcoreshade.code.tex
File: pgfcoreshade.code.tex 2023-01-15 v3.1.10 (3.1.10)
\pgf@max=\dimen278
\pgf@sys@shading@range@num=\count310
\pgf@shadingcount=\count311
) (d:/texlive/2024/texmf-dist/tex/generic/pgf/basiclayer/pgfcoreimage.code.tex
File: pgfcoreimage.code.tex 2023-01-15 v3.1.10 (3.1.10)
) (d:/texlive/2024/texmf-dist/tex/generic/pgf/basiclayer/pgfcoreexternal.code.tex
File: pgfcoreexternal.code.tex 2023-01-15 v3.1.10 (3.1.10)
\pgfexternal@startupbox=\box63
) (d:/texlive/2024/texmf-dist/tex/generic/pgf/basiclayer/pgfcorelayers.code.tex
File: pgfcorelayers.code.tex 2023-01-15 v3.1.10 (3.1.10)
) (d:/texlive/2024/texmf-dist/tex/generic/pgf/basiclayer/pgfcoretransparency.code.tex
File: pgfcoretransparency.code.tex 2023-01-15 v3.1.10 (3.1.10)
) (d:/texlive/2024/texmf-dist/tex/generic/pgf/basiclayer/pgfcorepatterns.code.tex
File: pgfcorepatterns.code.tex 2023-01-15 v3.1.10 (3.1.10)
) (d:/texlive/2024/texmf-dist/tex/generic/pgf/basiclayer/pgfcorerdf.code.tex
File: pgfcorerdf.code.tex 2023-01-15 v3.1.10 (3.1.10)
))) (d:/texlive/2024/texmf-dist/tex/generic/pgf/modules/pgfmoduleshapes.code.tex
File: pgfmoduleshapes.code.tex 2023-01-15 v3.1.10 (3.1.10)
\pgfnodeparttextbox=\box64
) (d:/texlive/2024/texmf-dist/tex/generic/pgf/modules/pgfmoduleplot.code.tex
File: pgfmoduleplot.code.tex 2023-01-15 v3.1.10 (3.1.10)
) (d:/texlive/2024/texmf-dist/tex/latex/pgf/compatibility/pgfcomp-version-0-65.sty
Package: pgfcomp-version-0-65 2023-01-15 v3.1.10 (3.1.10)
\pgf@nodesepstart=\dimen279
\pgf@nodesepend=\dimen280
) (d:/texlive/2024/texmf-dist/tex/latex/pgf/compatibility/pgfcomp-version-1-18.sty
Package: pgfcomp-version-1-18 2023-01-15 v3.1.10 (3.1.10)
)) (d:/texlive/2024/texmf-dist/tex/latex/pgf/utilities/pgffor.sty (d:/texlive/2024/texmf-dist/tex/latex/pgf/utilities/pgfkeys.sty (d:/texlive/2024/texmf-dist/tex/generic/pgf/utilities/pgfkeys.code.tex)) (d:/texlive/2024/texmf-dist/tex/latex/pgf/math/pgfmath.sty (d:/texlive/2024/texmf-dist/tex/generic/pgf/math/pgfmath.code.tex)) (d:/texlive/2024/texmf-dist/tex/generic/pgf/utilities/pgffor.code.tex
Package: pgffor 2023-01-15 v3.1.10 (3.1.10)
\pgffor@iter=\dimen281
\pgffor@skip=\dimen282
\pgffor@stack=\toks35
\pgffor@toks=\toks36
)) (d:/texlive/2024/texmf-dist/tex/generic/pgf/frontendlayer/tikz/tikz.code.tex
Package: tikz 2023-01-15 v3.1.10 (3.1.10)
 (d:/texlive/2024/texmf-dist/tex/generic/pgf/libraries/pgflibraryplothandlers.code.tex
File: pgflibraryplothandlers.code.tex 2023-01-15 v3.1.10 (3.1.10)
\pgf@plot@mark@count=\count312
\pgfplotmarksize=\dimen283
)
\tikz@lastx=\dimen284
\tikz@lasty=\dimen285
\tikz@lastxsaved=\dimen286
\tikz@lastysaved=\dimen287
\tikz@lastmovetox=\dimen288
\tikz@lastmovetoy=\dimen289
\tikzleveldistance=\dimen290
\tikzsiblingdistance=\dimen291
\tikz@figbox=\box65
\tikz@figbox@bg=\box66
\tikz@tempbox=\box67
\tikz@tempbox@bg=\box68
\tikztreelevel=\count313
\tikznumberofchildren=\count314
\tikznumberofcurrentchild=\count315
\tikz@fig@count=\count316
 (d:/texlive/2024/texmf-dist/tex/generic/pgf/modules/pgfmodulematrix.code.tex
File: pgfmodulematrix.code.tex 2023-01-15 v3.1.10 (3.1.10)
\pgfmatrixcurrentrow=\count317
\pgfmatrixcurrentcolumn=\count318
\pgf@matrix@numberofcolumns=\count319
)
\tikz@expandcount=\count320
 (d:/texlive/2024/texmf-dist/tex/generic/pgf/frontendlayer/tikz/libraries/tikzlibrarytopaths.code.tex
File: tikzlibrarytopaths.code.tex 2023-01-15 v3.1.10 (3.1.10)
))) (d:/texlive/2024/texmf-dist/tex/latex/enumitem/enumitem.sty
Package: enumitem 2019/06/20 v3.9 Customized lists
\labelindent=\skip61
\enit@outerparindent=\dimen292
\enit@toks=\toks37
\enit@inbox=\box69
\enit@count@id=\count321
\enitdp@description=\count322
) (d:/texlive/2024/texmf-dist/tex/latex/multirow/multirow.sty
Package: multirow 2021/03/15 v2.8 Span multiple rows of a table
\multirow@colwidth=\skip62
\multirow@cntb=\count323
\multirow@dima=\skip63
\bigstrutjot=\dimen293
) (d:/texlive/2024/texmf-dist/tex/generic/pgf/frontendlayer/tikz/libraries/tikzlibraryshapes.code.tex
File: tikzlibraryshapes.code.tex 2023-01-15 v3.1.10 (3.1.10)
 (d:/texlive/2024/texmf-dist/tex/generic/pgf/frontendlayer/tikz/libraries/tikzlibraryshapes.geometric.code.tex
File: tikzlibraryshapes.geometric.code.tex 2023-01-15 v3.1.10 (3.1.10)
 (d:/texlive/2024/texmf-dist/tex/generic/pgf/libraries/shapes/pgflibraryshapes.geometric.code.tex
File: pgflibraryshapes.geometric.code.tex 2023-01-15 v3.1.10 (3.1.10)
)) (d:/texlive/2024/texmf-dist/tex/generic/pgf/frontendlayer/tikz/libraries/tikzlibraryshapes.misc.code.tex
File: tikzlibraryshapes.misc.code.tex 2023-01-15 v3.1.10 (3.1.10)
 (d:/texlive/2024/texmf-dist/tex/generic/pgf/libraries/shapes/pgflibraryshapes.misc.code.tex
File: pgflibraryshapes.misc.code.tex 2023-01-15 v3.1.10 (3.1.10)
)) (d:/texlive/2024/texmf-dist/tex/generic/pgf/frontendlayer/tikz/libraries/tikzlibraryshapes.symbols.code.tex
File: tikzlibraryshapes.symbols.code.tex 2023-01-15 v3.1.10 (3.1.10)
 (d:/texlive/2024/texmf-dist/tex/generic/pgf/libraries/shapes/pgflibraryshapes.symbols.code.tex
File: pgflibraryshapes.symbols.code.tex 2023-01-15 v3.1.10 (3.1.10)
)) (d:/texlive/2024/texmf-dist/tex/generic/pgf/frontendlayer/tikz/libraries/tikzlibraryshapes.arrows.code.tex
File: tikzlibraryshapes.arrows.code.tex 2023-01-15 v3.1.10 (3.1.10)
 (d:/texlive/2024/texmf-dist/tex/generic/pgf/libraries/shapes/pgflibraryshapes.arrows.code.tex
File: pgflibraryshapes.arrows.code.tex 2023-01-15 v3.1.10 (3.1.10)
)) (d:/texlive/2024/texmf-dist/tex/generic/pgf/frontendlayer/tikz/libraries/tikzlibraryshapes.callouts.code.tex (d:/texlive/2024/texmf-dist/tex/generic/pgf/libraries/shapes/pgflibraryshapes.callouts.code.tex)) (d:/texlive/2024/texmf-dist/tex/generic/pgf/frontendlayer/tikz/libraries/tikzlibraryshapes.multipart.code.tex
File: tikzlibraryshapes.multipart.code.tex 2023-01-15 v3.1.10 (3.1.10)
 (d:/texlive/2024/texmf-dist/tex/generic/pgf/libraries/shapes/pgflibraryshapes.multipart.code.tex
File: pgflibraryshapes.multipart.code.tex 2023-01-15 v3.1.10 (3.1.10)
\pgfnodepartlowerbox=\box70
\pgfnodeparttwobox=\box71
\pgfnodepartthreebox=\box72
\pgfnodepartfourbox=\box73
\pgfnodeparttwentybox=\box74
\pgfnodepartnineteenbox=\box75
\pgfnodeparteighteenbox=\box76
\pgfnodepartseventeenbox=\box77
\pgfnodepartsixteenbox=\box78
\pgfnodepartfifteenbox=\box79
\pgfnodepartfourteenbox=\box80
\pgfnodepartthirteenbox=\box81
\pgfnodeparttwelvebox=\box82
\pgfnodepartelevenbox=\box83
\pgfnodeparttenbox=\box84
\pgfnodepartninebox=\box85
\pgfnodeparteightbox=\box86
\pgfnodepartsevenbox=\box87
\pgfnodepartsixbox=\box88
\pgfnodepartfivebox=\box89
))) (d:/texlive/2024/texmf-dist/tex/generic/pgf/libraries/pgflibraryarrows.meta.code.tex
File: pgflibraryarrows.meta.code.tex 2023-01-15 v3.1.10 (3.1.10)
\pgfarrowinset=\dimen294
\pgfarrowlength=\dimen295
\pgfarrowwidth=\dimen296
\pgfarrowlinewidth=\dimen297
) (d:/texlive/2024/texmf-dist/tex/generic/pgf/frontendlayer/tikz/libraries/tikzlibrarypositioning.code.tex
File: tikzlibrarypositioning.code.tex 2023-01-15 v3.1.10 (3.1.10)
) (d:/texlive/2024/texmf-dist/tex/generic/pgf/frontendlayer/tikz/libraries/tikzlibrarytrees.code.tex
File: tikzlibrarytrees.code.tex 2023-01-15 v3.1.10 (3.1.10)
) (d:/texlive/2024/texmf-dist/tex/latex/forest/forest.sty
Package: forest 2017/07/14 v2.1.5 Drawing (linguistic) trees
 (d:/texlive/2024/texmf-dist/tex/generic/pgf/frontendlayer/tikz/libraries/tikzlibraryfit.code.tex
File: tikzlibraryfit.code.tex 2023-01-15 v3.1.10 (3.1.10)
) (d:/texlive/2024/texmf-dist/tex/generic/pgf/frontendlayer/tikz/libraries/tikzlibrarycalc.code.tex
File: tikzlibrarycalc.code.tex 2023-01-15 v3.1.10 (3.1.10)
) (d:/texlive/2024/texmf-dist/tex/generic/pgf/libraries/pgflibraryintersections.code.tex (d:/texlive/2024/texmf-dist/tex/generic/pgf/libraries/pgflibraryfpu.code.tex)
\pgf@intersect@solutions=\count324
) (d:/texlive/2024/texmf-dist/tex/latex/pgfopts/pgfopts.sty
Package: pgfopts 2014/07/10 v2.1a LaTeX package options with pgfkeys
\pgfopts@list@add@a@toks=\toks38
\pgfopts@list@add@b@toks=\toks39
) (d:/texlive/2024/texmf-dist/tex/latex/elocalloc/elocalloc.sty
Package: elocalloc 2016/12/15 v0.03 local allocation for LaTeX 2015+ (DPC)
) (d:/texlive/2024/texmf-dist/tex/latex/environ/environ.sty
Package: environ 2014/05/04 v0.3 A new way to define environments
 (d:/texlive/2024/texmf-dist/tex/latex/trimspaces/trimspaces.sty
Package: trimspaces 2009/09/17 v1.1 Trim spaces around a token list
)
\@envbody=\toks40
) (d:/texlive/2024/texmf-dist/tex/latex/l3packages/xparse/xparse.sty (d:/texlive/2024/texmf-dist/tex/latex/l3kernel/expl3.sty
Package: expl3 2024-05-27 L3 programming layer (loader) 
 (d:/texlive/2024/texmf-dist/tex/latex/l3backend/l3backend-pdftex.def
File: l3backend-pdftex.def 2024-05-08 L3 backend support: PDF output (pdfTeX)
\l__color_backend_stack_int=\count325
\l__pdf_internal_box=\box90
))
Package: xparse 2024-05-08 L3 Experimental document command parser
) (d:/texlive/2024/texmf-dist/tex/latex/inlinedef/inlinedef.sty
Package: inlinedef 2008/07/10 v1.0 Inlined expansions within definitions
\ID@toks=\toks41
\ID@count=\count326
)
\ID@usercommands=\toks42
\safeloop@depth=\count327
\safeRKloop@depth=\count328
\forest@temp@dimen=\dimen298
\forest@temp@count=\count329
\forest@n=\count330
\forest@temp@global@count=\count331
\forest@temp@toks=\toks43
\forest@temparray@M=\count332
\forest@temparray@N=\count333
\forest@global@temparray@M=\count334
\forest@global@temparray@N=\count335
\forest@isnum@count=\count336
\forest@isdim@nonintpart=\count337
\forest@isdim@dimen=\dimen299
\forest@sort@m=\count338
\forest@sort@k=\count339
\forest@sort@p=\count340
\bracket@content=\toks44
\bracket@afterthought=\toks45
\forest@node@maxid=\count341
\forest@process@left@M=\count342
\forest@process@left@N=\count343
\forest@process@right@M=\count344
\forest@process@right@N=\count345
\forest@process@saved@M=\count346
\forest@process@saved@N=\count347
\forest@process@result@M=\count348
\forest@process@result@N=\count349
\forest@process@n=\count350
\forest@nodewalk@branch@toks=\toks46
\forest@nodewalk@shortsteps@resolution=\toks47
\forest@do@dynamics=\toks48
\forest@box=\box91
\forest@xg=\dimen300
\forest@yg=\dimen301
\forest@xs=\dimen302
\forest@ys=\dimen303
\forest@pi@toks=\toks49
\forest@segment@toks=\toks50
\forest@PIi@toks=\toks51
\forest@PIii@toks=\toks52
\forest@copy@in=\read3
\forest@copy@out=\write4
\forest@externalize@max@outer@n=\count351
\forest@externalize@inner@n=\count352
) (d:/texlive/2024/texmf-dist/tex/latex/footmisc/footmisc.sty
Package: footmisc 2023/07/05 v6.0f a miscellany of footnote facilities
\FN@temptoken=\toks53
\footnotemargin=\dimen304
\@outputbox@depth=\dimen305
Package footmisc Info: Declaring symbol style bringhurst on input line 696.
Package footmisc Info: Declaring symbol style chicago on input line 704.
Package footmisc Info: Declaring symbol style wiley on input line 713.
Package footmisc Info: Declaring symbol style lamport-robust on input line 724.
Package footmisc Info: Declaring symbol style lamport* on input line 744.
Package footmisc Info: Declaring symbol style lamport*-robust on input line 765.
) (d:/texlive/2024/texmf-dist/tex/latex/amsmath/amsmath.sty
Package: amsmath 2024/05/23 v2.17q AMS math features
\@mathmargin=\skip64

For additional information on amsmath, use the `?' option.
(d:/texlive/2024/texmf-dist/tex/latex/amsmath/amstext.sty
Package: amstext 2021/08/26 v2.01 AMS text
 (d:/texlive/2024/texmf-dist/tex/latex/amsmath/amsgen.sty
File: amsgen.sty 1999/11/30 v2.0 generic functions
\@emptytoks=\toks54
\ex@=\dimen306
)) (d:/texlive/2024/texmf-dist/tex/latex/amsmath/amsbsy.sty
Package: amsbsy 1999/11/29 v1.2d Bold Symbols
\pmbraise@=\dimen307
) (d:/texlive/2024/texmf-dist/tex/latex/amsmath/amsopn.sty
Package: amsopn 2022/04/08 v2.04 operator names
)
\inf@bad=\count353
LaTeX Info: Redefining \frac on input line 233.
\uproot@=\count354
\leftroot@=\count355
LaTeX Info: Redefining \overline on input line 398.
LaTeX Info: Redefining \colon on input line 409.
\classnum@=\count356
\DOTSCASE@=\count357
LaTeX Info: Redefining \ldots on input line 495.
LaTeX Info: Redefining \dots on input line 498.
LaTeX Info: Redefining \cdots on input line 619.
\Mathstrutbox@=\box92
\strutbox@=\box93
LaTeX Info: Redefining \big on input line 721.
LaTeX Info: Redefining \Big on input line 722.
LaTeX Info: Redefining \bigg on input line 723.
LaTeX Info: Redefining \Bigg on input line 724.
\big@size=\dimen308
LaTeX Font Info:    Redeclaring font encoding OML on input line 742.
LaTeX Font Info:    Redeclaring font encoding OMS on input line 743.
\macc@depth=\count358
LaTeX Info: Redefining \bmod on input line 904.
LaTeX Info: Redefining \pmod on input line 909.
LaTeX Info: Redefining \smash on input line 939.
LaTeX Info: Redefining \relbar on input line 969.
LaTeX Info: Redefining \Relbar on input line 970.
\c@MaxMatrixCols=\count359
\dotsspace@=\muskip18
\c@parentequation=\count360
\dspbrk@lvl=\count361
\tag@help=\toks55
\row@=\count362
\column@=\count363
\maxfields@=\count364
\andhelp@=\toks56
\eqnshift@=\dimen309
\alignsep@=\dimen310
\tagshift@=\dimen311
\tagwidth@=\dimen312
\totwidth@=\dimen313
\lineht@=\dimen314
\@envbody=\toks57
\multlinegap=\skip65
\multlinetaggap=\skip66
\mathdisplay@stack=\toks58
LaTeX Info: Redefining \[ on input line 2953.
LaTeX Info: Redefining \] on input line 2954.
) (d:/texlive/2024/texmf-dist/tex/latex/tools/longtable.sty
Package: longtable 2024-04-26 v4.20 Multi-page Table package (DPC)
\LTleft=\skip67
\LTright=\skip68
\LTpre=\skip69
\LTpost=\skip70
\LTchunksize=\count365
\LTcapwidth=\dimen315
\LT@head=\box94
\LT@firsthead=\box95
\LT@foot=\box96
\LT@lastfoot=\box97
\LT@gbox=\box98
\LT@cols=\count366
\LT@rows=\count367
\c@LT@tables=\count368
\c@LT@chunks=\count369
\LT@p@ftn=\toks59
)

Package geometry Warning: Over-specification in `h'-direction.
    `width' (426.79134pt) is ignored.

(./Appunti_DSS.aux)
\openout1 = `Appunti_DSS.aux'.

LaTeX Font Info:    Checking defaults for OML/cmm/m/it on input line 27.
LaTeX Font Info:    ... okay on input line 27.
LaTeX Font Info:    Checking defaults for OMS/cmsy/m/n on input line 27.
LaTeX Font Info:    ... okay on input line 27.
LaTeX Font Info:    Checking defaults for OT1/cmr/m/n on input line 27.
LaTeX Font Info:    ... okay on input line 27.
LaTeX Font Info:    Checking defaults for T1/cmr/m/n on input line 27.
LaTeX Font Info:    ... okay on input line 27.
LaTeX Font Info:    Checking defaults for TS1/cmr/m/n on input line 27.
LaTeX Font Info:    ... okay on input line 27.
LaTeX Font Info:    Checking defaults for OMX/cmex/m/n on input line 27.
LaTeX Font Info:    ... okay on input line 27.
LaTeX Font Info:    Checking defaults for U/cmr/m/n on input line 27.
LaTeX Font Info:    ... okay on input line 27.
LaTeX Font Info:    Checking defaults for PD1/pdf/m/n on input line 27.
LaTeX Font Info:    ... okay on input line 27.
LaTeX Font Info:    Checking defaults for PU/pdf/m/n on input line 27.
LaTeX Font Info:    ... okay on input line 27.
 (d:/texlive/2024/texmf-dist/tex/context/base/mkii/supp-pdf.mkii
[Loading MPS to PDF converter (version 2006.09.02).]
\scratchcounter=\count370
\scratchdimen=\dimen316
\scratchbox=\box99
\nofMPsegments=\count371
\nofMParguments=\count372
\everyMPshowfont=\toks60
\MPscratchCnt=\count373
\MPscratchDim=\dimen317
\MPnumerator=\count374
\makeMPintoPDFobject=\count375
\everyMPtoPDFconversion=\toks61
) (d:/texlive/2024/texmf-dist/tex/latex/epstopdf-pkg/epstopdf-base.sty
Package: epstopdf-base 2020-01-24 v2.11 Base part for package epstopdf
Package epstopdf-base Info: Redefining graphics rule for `.eps' on input line 485.
 (d:/texlive/2024/texmf-dist/tex/latex/latexconfig/epstopdf-sys.cfg
File: epstopdf-sys.cfg 2010/07/13 v1.3 Configuration of (r)epstopdf for TeX Live
))
Package hyperref Info: Link coloring OFF on input line 27.
 (./Appunti_DSS.out) (./Appunti_DSS.out)
\@outlinefile=\write5
\openout5 = `Appunti_DSS.out'.


*geometry* driver: auto-detecting
*geometry* detected driver: pdftex
*geometry* verbose mode - [ preamble ] result:
* driver: pdftex
* paper: a4paper
* layout: <same size as paper>
* layoutoffset:(h,v)=(0.0pt,0.0pt)
* modes: 
* h-part:(L,W,R)=(42.67912pt, 512.14963pt, 42.67912pt)
* v-part:(T,H,B)=(56.9055pt, 731.23582pt, 56.90552pt)
* \paperwidth=597.50787pt
* \paperheight=845.04684pt
* \textwidth=512.14963pt
* \textheight=731.23582pt
* \oddsidemargin=-29.59087pt
* \evensidemargin=-29.59087pt
* \topmargin=-52.36449pt
* \headheight=12.0pt
* \headsep=25.0pt
* \topskip=10.0pt
* \footskip=30.0pt
* \marginparwidth=65.0pt
* \marginparsep=11.0pt
* \columnsep=10.0pt
* \skip\footins=9.0pt plus 4.0pt minus 2.0pt
* \hoffset=0.0pt
* \voffset=0.0pt
* \mag=1000
* \@twocolumnfalse
* \@twosidefalse
* \@mparswitchfalse
* \@reversemarginfalse
* (1in=72.27pt=25.4mm, 1cm=28.453pt)

\c@lstlisting=\count376
Package caption Info: Begin \AtBeginDocument code.
Package caption Info: longtable package is loaded.
(d:/texlive/2024/texmf-dist/tex/latex/caption/ltcaption.sty
Package: ltcaption 2021/01/08 v1.4c longtable captions (AR)
)
Package caption Info: subfigure package is loaded.
Package caption Info: End \AtBeginDocument code.
 (./Appunti_DSS.toc

[1

{d:/texlive/2024/texmf-var/fonts/map/pdftex/updmap/pdftex.map}]

[2])
\tf@toc=\write6
\openout6 = `Appunti_DSS.toc'.



[3]

Package hyperref Warning: Difference (2) between bookmark levels is greater 
(hyperref)                than one, level fixed on input line 34.


Underfull \hbox (badness 10000) in paragraph at lines 72--74

 []


Underfull \hbox (badness 10000) in paragraph at lines 89--91

 []



[4]
Underfull \hbox (badness 10000) in paragraph at lines 106--108

 []


Package hyperref Warning: Difference (2) between bookmark levels is greater 
(hyperref)                than one, level fixed on input line 141.


Underfull \hbox (badness 10000) in paragraph at lines 148--149

 []



[5]
<../immagini/security_Concepts.png, id=838, 226.446pt x 182.48175pt>
File: ../immagini/security_Concepts.png Graphic file (type png)
<use ../immagini/security_Concepts.png>
Package pdftex.def Info: ../immagini/security_Concepts.png  used on input line 179.
(pdftex.def)             Requested size: 226.44543pt x 182.4813pt.


[6 <../immagini/security_concepts.png>]

[7]

[8]
Underfull \hbox (badness 1478) in paragraph at lines 299--299
\OT1/cmr/m/n/10 abled thus deny-ing ser-
 []


Underfull \hbox (badness 10000) in paragraph at lines 299--299
[]|\OT1/cmr/m/n/10 An un-en-crypted USB
 []


Underfull \hbox (badness 4634) in paragraph at lines 300--300
[]|\OT1/cmr/m/n/10 Files are en-crypted or
 []


Underfull \hbox (badness 4967) in paragraph at lines 300--300
[]|\OT1/cmr/m/n/10 A work-ing pro-gram is
 []


Underfull \hbox (badness 10000) in paragraph at lines 301--301
[]|\OT1/cmr/m/n/10 Programs are deleted,
 []


Underfull \hbox (badness 10000) in paragraph at lines 302--302
[]|\OT1/cmr/m/n/10 Communication
 []

<../immagini/scope_computer_security.png, id=864, 428.802pt x 292.09125pt>
File: ../immagini/scope_computer_security.png Graphic file (type png)
<use ../immagini/scope_computer_security.png>
Package pdftex.def Info: ../immagini/scope_computer_security.png  used on input line 309.
(pdftex.def)             Requested size: 428.80095pt x 292.09052pt.


[9 <../immagini/scope_computer_security.png>]

[10]

[11]

[12]
LaTeX Font Info:    Trying to load font information for OMS+cmr on input line 484.
 (d:/texlive/2024/texmf-dist/tex/latex/base/omscmr.fd
File: omscmr.fd 2023/04/13 v2.5m Standard LaTeX font definitions
)
LaTeX Font Info:    Font shape `OMS/cmr/m/n' in size <10> not available
(Font)              Font shape `OMS/cmsy/m/n' tried instead on input line 484.


[13]
Underfull \hbox (badness 10000) in paragraph at lines 499--502

 []



[14]
<../immagini/Defense_in_depth.png, id=923, 187.902pt x 190.91325pt>
File: ../immagini/Defense_in_depth.png Graphic file (type png)
<use ../immagini/Defense_in_depth.png>
Package pdftex.def Info: ../immagini/Defense_in_depth.png  used on input line 543.
(pdftex.def)             Requested size: 187.90154pt x 190.91278pt.
<../immagini/Example_attack_tree.png, id=924, 696.80325pt x 504.08325pt>
File: ../immagini/Example_attack_tree.png Graphic file (type png)
<use ../immagini/Example_attack_tree.png>
Package pdftex.def Info: ../immagini/Example_attack_tree.png  used on input line 571.
(pdftex.def)             Requested size: 348.40077pt x 252.041pt.


[15 <../immagini/Defense_in_depth.png>]

[16 <../immagini/Example_attack_tree.png>]

[17]

[18]

[19]

[20]
<../immagini/model_symmetric_security.png, id=973, 540.21825pt x 200.54926pt>
File: ../immagini/model_symmetric_security.png Graphic file (type png)
<use ../immagini/model_symmetric_security.png>
Package pdftex.def Info: ../immagini/model_symmetric_security.png  used on input line 782.
(pdftex.def)             Requested size: 540.21692pt x 200.54875pt.

Overfull \hbox (28.06729pt too wide) in paragraph at lines 782--783
[][] 
 []



[21 <../immagini/model_symmetric_security.png>]

[22]
<../immagini/Types_of_symmetric_encryption.png, id=985, 409.53pt x 151.767pt>
File: ../immagini/Types_of_symmetric_encryption.png Graphic file (type png)
<use ../immagini/Types_of_symmetric_encryption.png>
Package pdftex.def Info: ../immagini/Types_of_symmetric_encryption.png  used on input line 895.
(pdftex.def)             Requested size: 409.52899pt x 151.76662pt.


[23 <../immagini/Types_of_symmetric_encryption.png>]

[24]
<../immagini/MAC.png, id=1000, 269.20575pt x 211.992pt>
File: ../immagini/MAC.png Graphic file (type png)
<use ../immagini/MAC.png>
Package pdftex.def Info: ../immagini/MAC.png  used on input line 1035.
(pdftex.def)             Requested size: 269.20508pt x 211.99147pt.


LaTeX Warning: `h' float specifier changed to `ht'.



[25]
<../immagini/hash function.png, id=1016, 227.6505pt x 197.538pt>
File: ../immagini/hash function.png Graphic file (type png)
<use ../immagini/hash function.png>
Package pdftex.def Info: ../immagini/hash function.png  used on input line 1072.
(pdftex.def)             Requested size: 227.64993pt x 197.5375pt.
<../immagini/alternative.png, id=1017, 349.305pt x 365.56575pt>
File: ../immagini/alternative.png Graphic file (type png)
<use ../immagini/alternative.png>
Package pdftex.def Info: ../immagini/alternative.png  used on input line 1079.
(pdftex.def)             Requested size: 209.58461pt x 219.34114pt.


LaTeX Warning: `h' float specifier changed to `ht'.



[26 <../immagini/MAC.png> <../immagini/hash function.png>]

[27 <../immagini/alternative.png>]
<../immagini/security_hash.png, id=1042, 396.2805pt x 199.34476pt>
File: ../immagini/security_hash.png Graphic file (type png)
<use ../immagini/security_hash.png>
Package pdftex.def Info: ../immagini/security_hash.png  used on input line 1144.
(pdftex.def)             Requested size: 396.27953pt x 199.34425pt.


[28 <../immagini/security_hash.png>]
<../immagini/public_key.png, id=1050, 401.0985pt x 290.88675pt>
File: ../immagini/public_key.png Graphic file (type png)
<use ../immagini/public_key.png>
Package pdftex.def Info: ../immagini/public_key.png  used on input line 1192.
(pdftex.def)             Requested size: 401.0975pt x 290.88603pt.
<../immagini/private_key.png, id=1051, 407.72325pt x 283.0575pt>
File: ../immagini/private_key.png Graphic file (type png)
<use ../immagini/private_key.png>
Package pdftex.def Info: ../immagini/private_key.png  used on input line 1205.
(pdftex.def)             Requested size: 407.72224pt x 283.0568pt.


[29 <../immagini/public_key.png>]

[30 <../immagini/private_key.png>]
Underfull \hbox (badness 10000) in paragraph at lines 1251--1251
[]|\OT1/cmr/bx/n/10 Symmetric key
 []



[31]
<../immagini/signature_process.png, id=1075, 453.49425pt x 414.348pt>
File: ../immagini/signature_process.png Graphic file (type png)
<use ../immagini/signature_process.png>
Package pdftex.def Info: ../immagini/signature_process.png  used on input line 1282.
(pdftex.def)             Requested size: 226.74657pt x 207.1735pt.
<../immagini/CA.png, id=1076, 628.14674pt x 413.1435pt>
File: ../immagini/CA.png Graphic file (type png)
<use ../immagini/CA.png>
Package pdftex.def Info: ../immagini/CA.png  used on input line 1291.
(pdftex.def)             Requested size: 314.0726pt x 206.57123pt.
<../immagini/digital_envelope.png, id=1078, 382.42876pt x 360.1455pt>
File: ../immagini/digital_envelope.png Graphic file (type png)
<use ../immagini/digital_envelope.png>
Package pdftex.def Info: ../immagini/digital_envelope.png  used on input line 1305.
(pdftex.def)             Requested size: 305.9434pt x 288.11678pt.


LaTeX Warning: `h' float specifier changed to `ht'.



[32 <../immagini/signature_process.png> <../immagini/CA.png>]

[33 <../immagini/digital_envelope.png>]

[34]

[35]

[36]

[37]
<../immagini/Authentication_Model.png, id=1141, 645.00975pt x 359.54324pt>
File: ../immagini/Authentication_Model.png Graphic file (type png)
<use ../immagini/Authentication_Model.png>
Package pdftex.def Info: ../immagini/Authentication_Model.png  used on input line 1571.
(pdftex.def)             Requested size: 322.50407pt x 179.77118pt.


LaTeX Warning: `h' float specifier changed to `ht'.

<../immagini/Multifactor_Authentication.png, id=1142, 413.1435pt x 330.033pt>
File: ../immagini/Multifactor_Authentication.png Graphic file (type png)
<use ../immagini/Multifactor_Authentication.png>
Package pdftex.def Info: ../immagini/Multifactor_Authentication.png  used on input line 1599.
(pdftex.def)             Requested size: 330.51523pt x 264.02675pt.

LaTeX Warning: `h' float specifier changed to `ht'.



[38]
Underfull \hbox (badness 1082) in paragraph at lines 1654--1654
[]|\OT1/cmr/bx/n/10 Potential Im-pact Cat-e-gories for Au-
 []



[39 <../immagini/Authentication_Model.png>]

[40 <../immagini/Multifactor_Authentication.png>]
<../immagini/password_vulnerabelities.png, id=1180, 632.96475pt x 280.6485pt>
File: ../immagini/password_vulnerabelities.png Graphic file (type png)
<use ../immagini/password_vulnerabelities.png>
Package pdftex.def Info: ../immagini/password_vulnerabelities.png  used on input line 1739.
(pdftex.def)             Requested size: 379.78177pt x 168.3904pt.
<../immagini/unix_scheme.png, id=1181, 386.6445pt x 353.52075pt>
File: ../immagini/unix_scheme.png Graphic file (type png)
<use ../immagini/unix_scheme.png>
Package pdftex.def Info: ../immagini/unix_scheme.png  used on input line 1747.
(pdftex.def)             Requested size: 386.64355pt x 353.51988pt.


LaTeX Warning: `h' float specifier changed to `ht'.



[41 <../immagini/password_vulnerabelities.png>]

[42 <../immagini/unix_scheme.png>]
<../immagini/percentage1.png, id=1199, 401.70074pt x 310.15875pt>
File: ../immagini/percentage1.png Graphic file (type png)
<use ../immagini/percentage1.png>
Package pdftex.def Info: ../immagini/percentage1.png  used on input line 1842.
(pdftex.def)             Requested size: 401.69975pt x 310.15799pt.


LaTeX Warning: `h' float specifier changed to `ht'.



[43]

[44 <../immagini/percentage1.png>]

[45]

[46]
<../immagini/smart_card_funciton.png, id=1242, 502.87875pt x 413.1435pt>
File: ../immagini/smart_card_funciton.png Graphic file (type png)
<use ../immagini/smart_card_funciton.png>
Package pdftex.def Info: ../immagini/smart_card_funciton.png  used on input line 2104.
(pdftex.def)             Requested size: 352.01273pt x 289.19846pt.


[47 <../immagini/smart_card_funciton.png>]
Overfull \vbox (12.0pt too high) detected at line 2168
 []


Overfull \vbox (48.0pt too high) detected at line 2168
 []


Overfull \vbox (48.0pt too high) detected at line 2168
 []


Overfull \vbox (12.0pt too high) detected at line 2168
 []

<../immagini/user_authentication.png, id=1251, 510.10574pt x 425.79076pt>
File: ../immagini/user_authentication.png Graphic file (type png)
<use ../immagini/user_authentication.png>
Package pdftex.def Info: ../immagini/user_authentication.png  used on input line 2184.
(pdftex.def)             Requested size: 306.0658pt x 255.47643pt.


[48 <../immagini/user_authentication.png>]
<../immagini/cost_accuracy.png, id=1259, 513.71925pt x 360.1455pt>
File: ../immagini/cost_accuracy.png Graphic file (type png)
<use ../immagini/cost_accuracy.png>
Package pdftex.def Info: ../immagini/cost_accuracy.png  used on input line 2229.
(pdftex.def)             Requested size: 256.859pt x 180.0723pt.
<../immagini/Biometric_system.png, id=1260, 416.757pt x 425.79076pt>
File: ../immagini/Biometric_system.png Graphic file (type png)
<use ../immagini/Biometric_system.png>
Package pdftex.def Info: ../immagini/Biometric_system.png  used on input line 2242.
(pdftex.def)             Requested size: 208.37799pt x 212.89485pt.


LaTeX Warning: `h' float specifier changed to `ht'.

<../immagini/Density.png, id=1261, 528.17325pt x 417.35925pt>
File: ../immagini/Density.png Graphic file (type png)
<use ../immagini/Density.png>
Package pdftex.def Info: ../immagini/Density.png  used on input line 2250.
(pdftex.def)             Requested size: 264.08597pt x 208.67911pt.

LaTeX Warning: `h' float specifier changed to `ht'.

<../immagini/Log.png, id=1262, 455.90324pt x 434.22224pt>
File: ../immagini/Log.png Graphic file (type png)
<use ../immagini/Log.png>
Package pdftex.def Info: ../immagini/Log.png  used on input line 2258.
(pdftex.def)             Requested size: 227.95105pt x 217.11058pt.

LaTeX Warning: `h' float specifier changed to `ht'.

<../immagini/BiometriMesaurement.png, id=1263, 612.48825pt x 316.7835pt>
File: ../immagini/BiometriMesaurement.png Graphic file (type png)
<use ../immagini/BiometriMesaurement.png>
Package pdftex.def Info: ../immagini/BiometriMesaurement.png  used on input line 2269.
(pdftex.def)             Requested size: 306.24338pt x 158.39136pt.

LaTeX Warning: `h' float specifier changed to `ht'.



[49 <../immagini/cost_accuracy.png>]

[50 <../immagini/Biometric_system.png> <../immagini/Density.png>]

[51 <../immagini/Log.png> <../immagini/BiometriMesaurement.png>]
<../immagini/network_protocol1.png, id=1290, 510.10574pt x 443.256pt>
File: ../immagini/network_protocol1.png Graphic file (type png)
<use ../immagini/network_protocol1.png>
Package pdftex.def Info: ../immagini/network_protocol1.png  used on input line 2299.
(pdftex.def)             Requested size: 255.05225pt x 221.62746pt.
<../immagini/network_protocol2.png, id=1291, 489.027pt x 446.8695pt>
File: ../immagini/network_protocol2.png Graphic file (type png)
<use ../immagini/network_protocol2.png>
Package pdftex.def Info: ../immagini/network_protocol2.png  used on input line 2304.
(pdftex.def)             Requested size: 244.5129pt x 223.4342pt.
<../immagini/network_protocol3.png, id=1292, 507.0945pt x 434.8245pt>
File: ../immagini/network_protocol3.png Graphic file (type png)
<use ../immagini/network_protocol3.png>
Package pdftex.def Info: ../immagini/network_protocol3.png  used on input line 2309.
(pdftex.def)             Requested size: 253.54662pt x 217.4117pt.


LaTeX Warning: `h' float specifier changed to `ht'.

<../immagini/network_protocol4.png, id=1293, 501.072pt x 448.67625pt>
File: ../immagini/network_protocol4.png Graphic file (type png)
<use ../immagini/network_protocol4.png>
Package pdftex.def Info: ../immagini/network_protocol4.png  used on input line 2314.
(pdftex.def)             Requested size: 250.53539pt x 224.33757pt.

LaTeX Warning: `h' float specifier changed to `ht'.



[52 <../immagini/network_protocol1.png> <../immagini/network_protocol2.png>]
Underfull \hbox (badness 10000) in paragraph at lines 2387--2387
[]|\OT1/cmr/m/n/10 Guessing, ex-haus-tive
 []


Underfull \hbox (badness 7203) in paragraph at lines 2390--2390
[]|\OT1/cmr/m/n/10 Plaintext theft, dic-tio-
 []


Underfull \hbox (badness 2401) in paragraph at lines 2390--2390
[]|\OT1/cmr/m/n/10 Hashing; large en-tropy;
 []


Underfull \hbox (badness 10000) in paragraph at lines 2390--2390
\OT1/cmr/m/n/10 pro-tec-tion of pass-word
 []


Underfull \hbox (badness 2418) in paragraph at lines 2393--2393
[]|\OT1/cmr/m/n/10 Eavesdropping, theft,
 []


Underfull \hbox (badness 1783) in paragraph at lines 2393--2393
\OT1/cmr/m/n/10 cret; ad-min-is-tra-tor dili-
 []


Underfull \hbox (badness 1418) in paragraph at lines 2393--2393
\OT1/cmr/m/n/10 gence to quickly re-voke
 []


Underfull \hbox (badness 6173) in paragraph at lines 2393--2393
\OT1/cmr/m/n/10 com-pro-mised pass-words;
 []


Underfull \hbox (badness 10000) in paragraph at lines 2394--2394
[]|\OT1/cmr/m/n/10 Theft, coun-ter-feit-ing
 []


Underfull \hbox (badness 10000) in paragraph at lines 2394--2394
[]|\OT1/cmr/m/n/10 Multifactor au-then-ti-ca-
 []


Underfull \hbox (badness 3049) in paragraph at lines 2395--2395
[]|\OT1/cmr/m/n/10 Copying (spoof-ing) bio-
 []


Underfull \hbox (badness 4132) in paragraph at lines 2396--2396
[]|\OT1/cmr/m/n/10 Replay stolen pass-word
 []


Underfull \hbox (badness 2903) in paragraph at lines 2398--2398
[]|\OT1/cmr/m/n/10 Replay stolen bio-met-ric
 []


Underfull \hbox (badness 2103) in paragraph at lines 2398--2398
[]|\OT1/cmr/m/n/10 Copy de-tec-tion at cap-
 []


Underfull \hbox (badness 1043) in paragraph at lines 2398--2398
\OT1/cmr/m/n/10 challenge-response pro-to-
 []


Underfull \hbox (badness 2635) in paragraph at lines 2399--2399
[]|\OT1/cmr/m/n/10 Authentication of client
 []



[53 <../immagini/network_protocol3.png> <../immagini/network_protocol4.png>]
<../immagini/general.png, id=1310, 507.69675pt x 431.211pt>
File: ../immagini/general.png Graphic file (type png)
<use ../immagini/general.png>
Package pdftex.def Info: ../immagini/general.png  used on input line 2407.
(pdftex.def)             Requested size: 253.84775pt x 215.60497pt.


LaTeX Warning: `h' float specifier changed to `ht'.



[54]
Overfull \hbox (168.6761pt too wide) detected at line 2433
\OML/cmm/m/it/10 S \OT1/cmr/m/n/10 = [] = 40\OML/cmm/m/it/10 ; N \OT1/cmr/m/n/10 = [] = []\OML/cmm/m/it/10 ; P \OT1/cmr/m/n/10 = []\OML/cmm/m/it/10 ; C \OT1/cmr/m/n/10 = []\OML/cmm/m/it/10 ; CS \OT1/cmr/m/n/10 = []
 []



[55 <../immagini/general.png>]

Package hyperref Warning: Difference (2) between bookmark levels is greater 
(hyperref)                than one, level fixed on input line 2475.



[56]
<../immagini/security_functions.png, id=1338, 454.69875pt x 344.487pt>
File: ../immagini/security_functions.png Graphic file (type png)
<use ../immagini/security_functions.png>
Package pdftex.def Info: ../immagini/security_functions.png  used on input line 2564.
(pdftex.def)             Requested size: 227.34882pt x 172.24307pt.


LaTeX Warning: `h' float specifier changed to `ht'.



[57]

[58 <../immagini/security_functions.png>]
<../immagini/access_matrix.png, id=1373, 423.38174pt x 283.0575pt>
File: ../immagini/access_matrix.png Graphic file (type png)
<use ../immagini/access_matrix.png>
Package pdftex.def Info: ../immagini/access_matrix.png  used on input line 2651.
(pdftex.def)             Requested size: 211.69035pt x 141.5284pt.
<../immagini/acl.png, id=1374, 196.93575pt x 371.58826pt>
File: ../immagini/acl.png Graphic file (type png)
<use ../immagini/acl.png>
Package pdftex.def Info: ../immagini/acl.png  used on input line 2660.
(pdftex.def)             Requested size: 98.46762pt x 185.79367pt.


[59 <../immagini/access_matrix.png> <../immagini/acl.png>]
<../immagini/CT.png, id=1385, 263.18324pt x 349.90726pt>
File: ../immagini/CT.png Graphic file (type png)
<use ../immagini/CT.png>
Package pdftex.def Info: ../immagini/CT.png  used on input line 2681.
(pdftex.def)             Requested size: 131.5913pt x 174.95319pt.
<../immagini/AT.png, id=1386, 373.395pt x 347.49825pt>
File: ../immagini/AT.png Graphic file (type png)
<use ../immagini/AT.png>
Package pdftex.def Info: ../immagini/AT.png  used on input line 2697.
(pdftex.def)             Requested size: 373.39409pt x 347.49738pt.


LaTeX Warning: `h' float specifier changed to `ht'.

<../immagini/ExtendedAccessControlMatrix.png, id=1387, 469.755pt x 293.29575pt>
File: ../immagini/ExtendedAccessControlMatrix.png Graphic file (type png)
<use ../immagini/ExtendedAccessControlMatrix.png>
Package pdftex.def Info: ../immagini/ExtendedAccessControlMatrix.png  used on input line 2741.
(pdftex.def)             Requested size: 234.87692pt x 146.6475pt.

LaTeX Warning: `h' float specifier changed to `ht'.



[60 <../immagini/CT.png>]
<../immagini/access_control_fucntion.png, id=1396, 416.757pt x 379.4175pt>
File: ../immagini/access_control_fucntion.png Graphic file (type png)
<use ../immagini/access_control_fucntion.png>
Package pdftex.def Info: ../immagini/access_control_fucntion.png  used on input line 2763.
(pdftex.def)             Requested size: 208.37799pt x 189.70828pt.


LaTeX Warning: `h' float specifier changed to `ht'.

<../immagini/trasfering.png, id=1397, 446.26724pt x 139.11975pt>
File: ../immagini/trasfering.png Graphic file (type png)
<use ../immagini/trasfering.png>
Package pdftex.def Info: ../immagini/trasfering.png  used on input line 2772.
(pdftex.def)             Requested size: 178.50372pt x 55.6469pt.
<../immagini/read.png, id=1398, 437.2335pt x 49.3845pt>
File: ../immagini/read.png Graphic file (type png)
<use ../immagini/read.png>
Package pdftex.def Info: ../immagini/read.png  used on input line 2781.
(pdftex.def)             Requested size: 174.89029pt x 19.75343pt.
<../immagini/manipulating.png, id=1399, 443.256pt x 173.448pt>
File: ../immagini/manipulating.png Graphic file (type png)
<use ../immagini/manipulating.png>
Package pdftex.def Info: ../immagini/manipulating.png  used on input line 2789.
(pdftex.def)             Requested size: 177.29926pt x 69.37796pt.

LaTeX Warning: `h' float specifier changed to `ht'.



[61 <../immagini/AT.png>]

[62 <../immagini/ExtendedAccessControlMatrix.png> <../immagini/access_control_fucntion.png>]
<../immagini/unix_file_system.png, id=1419, 407.72325pt x 245.11575pt>
File: ../immagini/unix_file_system.png Graphic file (type png)
<use ../immagini/unix_file_system.png>
Package pdftex.def Info: ../immagini/unix_file_system.png  used on input line 2812.
(pdftex.def)             Requested size: 203.86111pt x 122.55757pt.


[63 <../immagini/trasfering.png> <../immagini/read.png> <../immagini/manipulating.png> <../immagini/unix_file_system.png>]
<../immagini/Directory_unix.png, id=1434, 805.20825pt x 458.9145pt>
File: ../immagini/Directory_unix.png Graphic file (type png)
<use ../immagini/Directory_unix.png>
Package pdftex.def Info: ../immagini/Directory_unix.png  used on input line 2856.
(pdftex.def)             Requested size: 402.60313pt x 229.45668pt.

Underfull \hbox (badness 10000) in paragraph at lines 2868--2869

 []


Underfull \hbox (badness 10000) in paragraph at lines 2878--2879

 []

<../immagini/physicale_disk.png, id=1435, 611.28375pt x 167.4255pt>
File: ../immagini/physicale_disk.png Graphic file (type png)
<use ../immagini/physicale_disk.png>
Package pdftex.def Info: ../immagini/physicale_disk.png  used on input line 2890.
(pdftex.def)             Requested size: 366.77307pt x 100.45605pt.


[64 <../immagini/Directory_unix.png>]

[65 <../immagini/physicale_disk.png>]
<../immagini/minimal_acl.png, id=1454, 390.258pt x 239.09325pt>
File: ../immagini/minimal_acl.png Graphic file (type png)
<use ../immagini/minimal_acl.png>
Package pdftex.def Info: ../immagini/minimal_acl.png  used on input line 2947.
(pdftex.def)             Requested size: 234.1566pt x 143.45705pt.

Underfull \hbox (badness 10000) in paragraph at lines 2955--2957

 []

<../immagini/eacl.png, id=1455, 441.44925pt x 330.033pt>
File: ../immagini/eacl.png Graphic file (type png)
<use ../immagini/eacl.png>
Package pdftex.def Info: ../immagini/eacl.png  used on input line 2968.
(pdftex.def)             Requested size: 264.87158pt x 198.02132pt.


[66 <../immagini/minimal_acl.png> <../immagini/eacl.png>]
<../immagini/exacla.png, id=1467, 520.94624pt x 295.1025pt>
File: ../immagini/exacla.png Graphic file (type png)
<use ../immagini/exacla.png>
Package pdftex.def Info: ../immagini/exacla.png  used on input line 2985.
(pdftex.def)             Requested size: 312.57016pt x 177.06285pt.
<../immagini/exaclb.png, id=1468, 564.30824pt x 228.855pt>
File: ../immagini/exaclb.png Graphic file (type png)
<use ../immagini/exaclb.png>
Package pdftex.def Info: ../immagini/exaclb.png  used on input line 3080.
(pdftex.def)             Requested size: 338.58755pt x 137.31404pt.


LaTeX Warning: `h' float specifier changed to `ht'.



[67 <../immagini/exacla.png>]

[68 <../immagini/exaclb.png>]
<../immagini/urr.png, id=1495, 328.22626pt x 370.38374pt>
File: ../immagini/urr.png Graphic file (type png)
<use ../immagini/urr.png>
Package pdftex.def Info: ../immagini/urr.png  used on input line 3253.
(pdftex.def)             Requested size: 196.93727pt x 222.23195pt.
<../immagini/access_control_matrix.png, id=1496, 499.8675pt x 413.1435pt>
File: ../immagini/access_control_matrix.png Graphic file (type png)
<use ../immagini/access_control_matrix.png>
Package pdftex.def Info: ../immagini/access_control_matrix.png  used on input line 3261.
(pdftex.def)             Requested size: 299.9228pt x 247.888pt.
<../immagini/table.png, id=1497, 499.8675pt x 398.6895pt>
File: ../immagini/table.png Graphic file (type png)
<use ../immagini/table.png>
Package pdftex.def Info: ../immagini/table.png  used on input line 3274.
(pdftex.def)             Requested size: 299.9228pt x 239.21555pt.


[69 <../immagini/urr.png> <../immagini/access_control_matrix.png>]
<../immagini/RBAC0.png, id=1506, 471.56175pt x 229.45724pt>
File: ../immagini/RBAC0.png Graphic file (type png)
<use ../immagini/RBAC0.png>
Package pdftex.def Info: ../immagini/RBAC0.png  used on input line 3283.
(pdftex.def)             Requested size: 282.93922pt x 137.67538pt.
<../immagini/RBAC1.png, id=1507, 426.393pt x 240.9pt>
File: ../immagini/RBAC1.png Graphic file (type png)
<use ../immagini/RBAC1.png>
Package pdftex.def Info: ../immagini/RBAC1.png  used on input line 3309.
(pdftex.def)             Requested size: 255.83777pt x 144.5411pt.


LaTeX Warning: `h' float specifier changed to `ht'.


Underfull \hbox (badness 10000) in paragraph at lines 3320--3322

 []



[70 <../immagini/table.png> <../immagini/RBAC0.png>]

[71 <../immagini/RBAC1.png>]
<../immagini/ABACscenario.png, id=1526, 380.622pt x 335.45325pt>
File: ../immagini/ABACscenario.png Graphic file (type png)
<use ../immagini/ABACscenario.png>
Package pdftex.def Info: ../immagini/ABACscenario.png  used on input line 3382.
(pdftex.def)             Requested size: 228.37494pt x 201.27348pt.
<../immagini/ACLRelation.png, id=1527, 356.532pt x 172.84575pt>
File: ../immagini/ACLRelation.png Graphic file (type png)
<use ../immagini/ACLRelation.png>
Package pdftex.def Info: ../immagini/ACLRelation.png  used on input line 3391.
(pdftex.def)             Requested size: 285.22597pt x 138.27676pt.
<../immagini/ABACRelation.png, id=1528, 386.04225pt x 201.75375pt>
File: ../immagini/ABACRelation.png Graphic file (type png)
<use ../immagini/ABACRelation.png>
Package pdftex.def Info: ../immagini/ABACRelation.png  used on input line 3396.
(pdftex.def)             Requested size: 308.83421pt x 161.40321pt.


LaTeX Warning: `h' float specifier changed to `ht'.



[72 <../immagini/ABACscenario.png>]

[73 <../immagini/ACLRelation.png> <../immagini/ABACRelation.png>]
Underfull \hbox (badness 10000) in paragraph at lines 3525--3527

 []


Underfull \hbox (badness 10000) in paragraph at lines 3547--3549

 []


Overfull \hbox (7.48047pt too wide) detected at line 3549
\OML/cmm/m/it/10 R\OT1/cmr/m/n/10 2 : []
 []



[74]
<../immagini/keyfunction.png, id=1568, 455.90324pt x 417.35925pt>
File: ../immagini/keyfunction.png Graphic file (type png)
<use ../immagini/keyfunction.png>
Package pdftex.def Info: ../immagini/keyfunction.png  used on input line 3572.
(pdftex.def)             Requested size: 227.95105pt x 208.67911pt.


[75 <../immagini/keyfunction.png>]
<../immagini/identity_information_exchange.png, id=1576, 525.162pt x 378.213pt>
File: ../immagini/identity_information_exchange.png Graphic file (type png)
<use ../immagini/identity_information_exchange.png>
Package pdftex.def Info: ../immagini/identity_information_exchange.png  used on input line 3650.
(pdftex.def)             Requested size: 262.58035pt x 189.10603pt.


LaTeX Warning: `h' float specifier changed to `ht'.



[76]
<../immagini/identity_information_exchange2.png, id=1589, 519.1395pt x 385.44pt>
File: ../immagini/identity_information_exchange2.png Graphic file (type png)
<use ../immagini/identity_information_exchange2.png>
Package pdftex.def Info: ../immagini/identity_information_exchange2.png  used on input line 3707.
(pdftex.def)             Requested size: 259.5691pt x 192.71953pt.


LaTeX Warning: `h' float specifier changed to `ht'.



[77 <../immagini/identity_information_exchange.png>]
Underfull \hbox (badness 10000) in paragraph at lines 3714--3720

 []


Package hyperref Warning: Difference (2) between bookmark levels is greater 
(hyperref)                than one, level fixed on input line 3730.

<../immagini/Dbmsarchiteture.png, id=1597, 275.22826pt x 251.13824pt>
File: ../immagini/Dbmsarchiteture.png Graphic file (type png)
<use ../immagini/Dbmsarchiteture.png>
Package pdftex.def Info: ../immagini/Dbmsarchiteture.png  used on input line 3738.
(pdftex.def)             Requested size: 137.61378pt x 125.56882pt.


[78 <../immagini/identity_information_exchange2.png> <../immagini/Dbmsarchiteture.png>]
<../immagini/basic_terminology.png, id=1606, 460.72125pt x 177.66376pt>
File: ../immagini/basic_terminology.png Graphic file (type png)
<use ../immagini/basic_terminology.png>
Package pdftex.def Info: ../immagini/basic_terminology.png  used on input line 3759.
(pdftex.def)             Requested size: 230.36006pt x 88.83165pt.
<../immagini/question.png, id=1607, 394.47375pt x 261.97874pt>
File: ../immagini/question.png Graphic file (type png)
<use ../immagini/question.png>
Package pdftex.def Info: ../immagini/question.png  used on input line 3770.
(pdftex.def)             Requested size: 197.23639pt x 130.98904pt.


[79 <../immagini/basic_terminology.png> <../immagini/question.png>]
<../immagini/Injection_attack.png, id=1621, 368.577pt x 419.76825pt>
File: ../immagini/Injection_attack.png Graphic file (type png)
<use ../immagini/Injection_attack.png>
Package pdftex.def Info: ../immagini/Injection_attack.png  used on input line 3784.
(pdftex.def)             Requested size: 184.28804pt x 209.8836pt.
 (d:/texlive/2024/texmf-dist/tex/latex/listings/lstlang1.sty
File: lstlang1.sty 2024/05/25 1.10b listings language file
)
Overfull \hbox (75.85635pt too wide) in paragraph at lines 3800--3801
[][][][][][][][][][][][][][][][][][][][][][][][][][][][][][][][][][][][][][] 
 []



[80 <../immagini/Injection_attack.png>] (./Appunti_DSS.aux)
 ***********
LaTeX2e <2024-06-01> patch level 2
L3 programming layer <2024-05-27>
 ***********
Package rerunfilecheck Info: File `Appunti_DSS.out' has not changed.
(rerunfilecheck)             Checksum: 830165631A5B5FCE60D694EC0D11426D;28746.
 ) 
Here is how much of TeX's memory you used:
 37155 strings out of 475500
 794054 string characters out of 5776842
 1960908 words of memory out of 5000000
 58727 multiletter control sequences out of 15000+600000
 563522 words of font info for 55 fonts, out of 8000000 for 9000
 36 hyphenation exceptions out of 8191
 84i,19n,117p,1659b,1360s stack positions out of 10000i,1000n,20000p,200000b,200000s
 <c:/Users/Giovanni/.texlive2024/texmf-var/fonts/pk/ljfour/jknappen/ec/tcrm1000.600pk><d:/texlive/2024/texmf-dist/fonts/type1/public/amsfonts/cm/cmbx10.pfb><d:/texlive/2024/texmf-dist/fonts/type1/public/amsfonts/cm/cmbx12.pfb><d:/texlive/2024/texmf-dist/fonts/type1/public/amsfonts/cm/cmbxti10.pfb><d:/texlive/2024/texmf-dist/fonts/type1/public/amsfonts/cm/cmex10.pfb><d:/texlive/2024/texmf-dist/fonts/type1/public/amsfonts/cm/cmmi10.pfb><d:/texlive/2024/texmf-dist/fonts/type1/public/amsfonts/cm/cmmi7.pfb><d:/texlive/2024/texmf-dist/fonts/type1/public/amsfonts/cm/cmr10.pfb><d:/texlive/2024/texmf-dist/fonts/type1/public/amsfonts/cm/cmr6.pfb><d:/texlive/2024/texmf-dist/fonts/type1/public/amsfonts/cm/cmr7.pfb><d:/texlive/2024/texmf-dist/fonts/type1/public/amsfonts/cm/cmr8.pfb><d:/texlive/2024/texmf-dist/fonts/type1/public/amsfonts/cm/cmsy10.pfb><d:/texlive/2024/texmf-dist/fonts/type1/public/amsfonts/cm/cmsy7.pfb><d:/texlive/2024/texmf-dist/fonts/type1/public/amsfonts/cm/cmti10.pfb><d:/texlive/2024/texmf-dist/fonts/type1/public/amsfonts/cm/cmtt10.pfb>
Output written on Appunti_DSS.pdf (80 pages, 3131499 bytes).
PDF statistics:
 1827 PDF objects out of 2073 (max. 8388607)
 1570 compressed objects within 16 object streams
 588 named destinations out of 1000 (max. 500000)
 1589 words of extra memory for PDF output out of 10000 (max. 10000000)

