This is pdfTeX, Version 3.141592653-2.6-1.40.26 (TeX Live 2024) (preloaded format=pdflatex 2024.7.12)  21 OCT 2024 22:26
entering extended mode
 restricted \write18 enabled.
 file:line:error style messages enabled.
 %&-line parsing enabled.
**d:/Universita/Magistrale/OSL/OS/ringsho.tex
(d:/Universita/Magistrale/OSL/OS/ringsho.tex
LaTeX2e <2024-06-01> patch level 2
L3 programming layer <2024-05-27>
(d:/texlive/2024/texmf-dist/tex/latex/base/article.cls
Document Class: article 2024/02/08 v1.4n Standard LaTeX document class
(d:/texlive/2024/texmf-dist/tex/latex/base/size10.clo
File: size10.clo 2024/02/08 v1.4n Standard LaTeX file (size option)
)
\c@part=\count194
\c@section=\count195
\c@subsection=\count196
\c@subsubsection=\count197
\c@paragraph=\count198
\c@subparagraph=\count199
\c@figure=\count266
\c@table=\count267
\abovecaptionskip=\skip49
\belowcaptionskip=\skip50
\bibindent=\dimen141
) (d:/texlive/2024/texmf-dist/tex/latex/base/inputenc.sty
Package: inputenc 2024/02/08 v1.3d Input encoding file
\inpenc@prehook=\toks17
\inpenc@posthook=\toks18
) (d:/texlive/2024/texmf-dist/tex/latex/enumitem/enumitem.sty
Package: enumitem 2019/06/20 v3.9 Customized lists
\enitkv@toks@=\toks19
\labelindent=\skip51
\enit@outerparindent=\dimen142
\enit@toks=\toks20
\enit@inbox=\box52
\enit@count@id=\count268
\enitdp@description=\count269
) (d:/texlive/2024/texmf-dist/tex/latex/l3backend/l3backend-pdftex.def
File: l3backend-pdftex.def 2024-05-08 L3 backend support: PDF output (pdfTeX)
\l__color_backend_stack_int=\count270
\l__pdf_internal_box=\box53
) (./ringsho.aux)
\openout1 = `ringsho.aux'.

LaTeX Font Info:    Checking defaults for OML/cmm/m/it on input line 5.
LaTeX Font Info:    ... okay on input line 5.
LaTeX Font Info:    Checking defaults for OMS/cmsy/m/n on input line 5.
LaTeX Font Info:    ... okay on input line 5.
LaTeX Font Info:    Checking defaults for OT1/cmr/m/n on input line 5.
LaTeX Font Info:    ... okay on input line 5.
LaTeX Font Info:    Checking defaults for T1/cmr/m/n on input line 5.
LaTeX Font Info:    ... okay on input line 5.
LaTeX Font Info:    Checking defaults for TS1/cmr/m/n on input line 5.
LaTeX Font Info:    ... okay on input line 5.
LaTeX Font Info:    Checking defaults for OMX/cmex/m/n on input line 5.
LaTeX Font Info:    ... okay on input line 5.
LaTeX Font Info:    Checking defaults for U/cmr/m/n on input line 5.
LaTeX Font Info:    ... okay on input line 5.
LaTeX Font Info:    External font `cmex10' loaded for size
(Font)              <12> on input line 11.
LaTeX Font Info:    External font `cmex10' loaded for size
(Font)              <8> on input line 11.
LaTeX Font Info:    External font `cmex10' loaded for size
(Font)              <6> on input line 11.

Overfull \hbox (10.27832pt too wide) in paragraph at lines 52--53
[]\OT1/cmr/m/n/10 Reflects the strong em-pha-sis on col-lab-o-ra-tion and con-sen-sus in Japanese
 []



[1

{d:/texlive/2024/texmf-var/fonts/map/pdftex/updmap/pdftex.map}]

[2] (./ringsho.aux)
 ***********
LaTeX2e <2024-06-01> patch level 2
L3 programming layer <2024-05-27>
 ***********
 ) 
Here is how much of TeX's memory you used:
 830 strings out of 475500
 15162 string characters out of 5776842
 1933908 words of memory out of 5000000
 23537 multiletter control sequences out of 15000+600000
 562698 words of font info for 51 fonts, out of 8000000 for 9000
 36 hyphenation exceptions out of 8191
 35i,5n,50p,211b,336s stack positions out of 10000i,1000n,20000p,200000b,200000s
 <c:/Users/Giovanni/.texlive2024/texmf-var/fonts/pk/ljfour/jknappen/ec/tcrm1000.600pk><d:/texlive/2024/texmf-dist/fonts/type1/public/amsfonts/cm/cmbx10.pfb><d:/texlive/2024/texmf-dist/fonts/type1/public/amsfonts/cm/cmbx12.pfb><d:/texlive/2024/texmf-dist/fonts/type1/public/amsfonts/cm/cmr10.pfb><d:/texlive/2024/texmf-dist/fonts/type1/public/amsfonts/cm/cmr17.pfb><d:/texlive/2024/texmf-dist/fonts/type1/public/amsfonts/cm/cmti10.pfb>
Output written on ringsho.pdf (2 pages, 71089 bytes).
PDF statistics:
 42 PDF objects out of 1000 (max. 8388607)
 25 compressed objects within 1 object stream
 0 named destinations out of 1000 (max. 500000)
 1 words of extra memory for PDF output out of 10000 (max. 10000000)

