\BOOKMARK [1][-]{section.1}{\376\377\000C\000o\000m\000m\000a\000n\000d\000s\000\040\000U\000b\000u\000n\000t\000u}{}% 1
\BOOKMARK [2][-]{subsection.1.1}{\376\377\000B\000a\000s\000h}{section.1}% 2
\BOOKMARK [2][-]{subsection.1.2}{\376\377\000C\000o\000n\000n\000e\000c\000t\000i\000o\000n\000\040\000s\000e\000r\000v\000e\000r\000s}{section.1}% 3
\BOOKMARK [3][-]{subsubsection.1.2.1}{\376\377\000S\000S\000H}{subsection.1.2}% 4
\BOOKMARK [3][-]{subsubsection.1.2.2}{\376\377\000N\000C\000\040\000\050\000N\000e\000t\000C\000a\000t\000\051}{subsection.1.2}% 5
\BOOKMARK [3][-]{subsubsection.1.2.3}{\376\377\000O\000P\000E\000N\000S\000S\000L}{subsection.1.2}% 6
\BOOKMARK [3][-]{subsubsection.1.2.4}{\376\377\000N\000M\000A\000P}{subsection.1.2}% 7
\BOOKMARK [3][-]{subsubsection.1.2.5}{\376\377\000G\000I\000T}{subsection.1.2}% 8
\BOOKMARK [2][-]{subsection.1.3}{\376\377\000S\000i\000m\000p\000l\000e\000\040\000C\000o\000m\000m\000a\000n\000d\000s}{section.1}% 9
\BOOKMARK [3][-]{subsubsection.1.3.1}{\376\377\000C\000A\000T}{subsection.1.3}% 10
\BOOKMARK [3][-]{subsubsection.1.3.2}{\376\377\000F\000I\000L\000E}{subsection.1.3}% 11
\BOOKMARK [3][-]{subsubsection.1.3.3}{\376\377\000F\000I\000N\000D}{subsection.1.3}% 12
\BOOKMARK [3][-]{subsubsection.1.3.4}{\376\377\000G\000R\000E\000P}{subsection.1.3}% 13
\BOOKMARK [3][-]{subsubsection.1.3.5}{\376\377\000S\000O\000R\000T}{subsection.1.3}% 14
\BOOKMARK [3][-]{subsubsection.1.3.6}{\376\377\000U\000N\000I\000Q}{subsection.1.3}% 15
\BOOKMARK [3][-]{subsubsection.1.3.7}{\376\377\000S\000T\000R\000I\000N\000G\000S}{subsection.1.3}% 16
\BOOKMARK [3][-]{subsubsection.1.3.8}{\376\377\000B\000A\000S\000E\0006\0004}{subsection.1.3}% 17
\BOOKMARK [3][-]{subsubsection.1.3.9}{\376\377\000T\000R}{subsection.1.3}% 18
\BOOKMARK [3][-]{subsubsection.1.3.10}{\376\377\000G\000Z\000I\000P}{subsection.1.3}% 19
\BOOKMARK [3][-]{subsubsection.1.3.11}{\376\377\000B\000Z\000I\000P\0002}{subsection.1.3}% 20
\BOOKMARK [3][-]{subsubsection.1.3.12}{\376\377\000T\000A\000R}{subsection.1.3}% 21
\BOOKMARK [3][-]{subsubsection.1.3.13}{\376\377\000X\000X\000D}{subsection.1.3}% 22
\BOOKMARK [3][-]{subsubsection.1.3.14}{\376\377\000D\000I\000F\000F}{subsection.1.3}% 23
\BOOKMARK [3][-]{subsubsection.1.3.15}{\376\377\000C\000R\000O\000N}{subsection.1.3}% 24
\BOOKMARK [3][-]{subsubsection.1.3.16}{\376\377\000C\000R\000O\000N\000T\000A\000B}{subsection.1.3}% 25
\BOOKMARK [2][-]{subsection.1.4}{\376\377\000D\000e\000s\000c\000r\000i\000p\000t\000i\000o\000n\000\040\000o\000f\000\040\000D\000i\000r\000e\000c\000t\000o\000r\000y}{section.1}% 26
\BOOKMARK [3][-]{subsubsection.1.4.1}{\376\377\000/\000e\000t\000c\000/\000c\000r\000o\000n\000.\000d}{subsection.1.4}% 27
\BOOKMARK [3][-]{subsubsection.1.4.2}{\376\377\000/\000v\000a\000r\000/\000s\000p\000o\000o\000l}{subsection.1.4}% 28
\BOOKMARK [3][-]{subsubsection.1.4.3}{\376\377\000/\000e\000t\000c\000/\000p\000a\000s\000s\000w\000d}{subsection.1.4}% 29
\BOOKMARK [2][-]{subsection.1.5}{\376\377\000M\000a\000n\000a\000g\000e\000\040\000P\000r\000o\000c\000e\000s\000s}{section.1}% 30
\BOOKMARK [3][-]{subsubsection.1.5.1}{\376\377\000\046}{subsection.1.5}% 31
\BOOKMARK [2][-]{subsection.1.6}{\376\377\000P\000r\000o\000g\000r\000a\000m\000m}{section.1}% 32
\BOOKMARK [3][-]{subsubsection.1.6.1}{\376\377\000V\000i\000m}{subsection.1.6}% 33
\BOOKMARK [2][-]{subsection.1.7}{\376\377\000v\000a\000r\000i\000a\000b\000l\000e\000\040\000o\000f\000\040\000L\000i\000n\000u\000x}{section.1}% 34
\BOOKMARK [3][-]{subsubsection.1.7.1}{\376\377\000\044\0000}{subsection.1.7}% 35
\BOOKMARK [1][-]{section.2}{\376\377\000W\000i\000r\000e\000s\000h\000a\000r\000k}{}% 36
\BOOKMARK [2][-]{subsection.2.1}{\376\377\000D\000e\000t\000a\000i\000l\000s}{section.2}% 37
\BOOKMARK [2][-]{subsection.2.2}{\376\377\000F\000i\000l\000t\000e\000r}{section.2}% 38
\BOOKMARK [3][-]{subsubsection.2.2.1}{\376\377\000M\000u\000l\000t\000i\000f\000i\000l\000t\000e\000r}{subsection.2.2}% 39
\BOOKMARK [3][-]{subsubsection.2.2.2}{\376\377\000T\000y\000p\000e\000\040\000o\000f\000\040\000F\000i\000l\000t\000e\000r}{subsection.2.2}% 40
\BOOKMARK [1][-]{section.3}{\376\377\000P\000y\000t\000h\000o\000n\000\040\000f\000o\000r\000\040\000w\000e\000b\000s\000e\000r\000v\000i\000c\000e}{}% 41
\BOOKMARK [2][-]{subsection.3.1}{\376\377\000r\000e\000q\000u\000e\000s\000t\000s}{section.3}% 42
\BOOKMARK [3][-]{subsubsection.3.1.1}{\376\377\000G\000E\000T}{subsection.3.1}% 43
\BOOKMARK [3][-]{subsubsection.3.1.2}{\376\377\000S\000e\000s\000s\000i\000o\000n\000\050\000\051}{subsection.3.1}% 44
\BOOKMARK [3][-]{subsubsection.3.1.3}{\376\377\000H\000E\000A\000D}{subsection.3.1}% 45
\BOOKMARK [3][-]{subsubsection.3.1.4}{\376\377\000P\000O\000S\000T}{subsection.3.1}% 46
\BOOKMARK [2][-]{subsection.3.2}{\376\377\000B\000e\000a\000u\000t\000i\000f\000u\000l\000S\000o\000u\000p}{section.3}% 47
\BOOKMARK [3][-]{subsubsection.3.2.1}{\376\377\000f\000i\000n\000d\000\137\000a\000l\000l}{subsection.3.2}% 48
\BOOKMARK [2][-]{subsection.3.3}{\376\377\000[\000h\000t\000t\000p\000s\000:\000/\000/\000p\000y\000c\000r\000y\000p\000t\000o\000d\000o\000m\000e\000.\000r\000e\000a\000d\000t\000h\000e\000d\000o\000c\000s\000.\000i\000o\000/\000e\000n\000/\000l\000a\000t\000e\000s\000t\000/\000i\000n\000d\000e\000x\000.\000h\000t\000m\000l\000]\000P\000y\000C\000r\000y\000p\000t\000o\000d\000o\000m\000e}{section.3}% 49
\BOOKMARK [2][-]{subsection.3.4}{\376\377\000O\000t\000h\000e\000r\000\040\000F\000u\000n\000c\000t\000i\000o\000n}{section.3}% 50
\BOOKMARK [3][-]{subsubsection.3.4.1}{\376\377\000C\000l\000a\000s\000s\000\040\000b\000y\000t\000e\000s}{subsection.3.4}% 51
\BOOKMARK [1][-]{section.4}{\376\377\000S\000Q\000L\000\040\000I\000n\000j\000e\000c\000t\000i\000o\000n}{}% 52
